{
  "stats": {
    "suites": 7,
    "tests": 20,
    "passes": 20,
    "pending": 0,
    "failures": 0,
    "start": "2024-03-13T04:35:53.833Z",
    "end": "2024-03-13T04:36:05.681Z",
    "duration": 11848,
    "testsRegistered": 20,
    "passPercent": 100,
    "pendingPercent": 0,
    "other": 0,
    "hasOther": false,
    "skipped": 0,
    "hasSkipped": false
  },
  "results": [
    {
      "uuid": "0c31c259-797a-4525-9163-04bf7017ac94",
      "title": "",
      "fullFile": "cypress/integration/project.spec.js",
      "file": "cypress/integration/project.spec.js",
      "beforeHooks": [],
      "afterHooks": [],
      "tests": [],
      "suites": [
        {
          "uuid": "90f4e15a-4d2e-4121-ab8c-189a87918753",
          "title": "1 - Adicione um cabeçalho na página.",
          "fullFile": "",
          "file": "",
          "beforeHooks": [],
          "afterHooks": [],
          "tests": [
            {
              "title": "Verifica se existe um cabeçalho na página.",
              "fullTitle": "1 - Adicione um cabeçalho na página. Verifica se existe um cabeçalho na página.",
              "timedOut": null,
              "duration": 906,
              "state": "passed",
              "speed": "slow",
              "pass": true,
              "fail": false,
              "pending": false,
              "context": null,
              "code": "cy.get('header').should('exist');",
              "err": {},
              "uuid": "f51257b1-de68-43e9-a329-1b71d74ad4dd",
              "parentUUID": "90f4e15a-4d2e-4121-ab8c-189a87918753",
              "isHook": false,
              "skipped": false
            },
            {
              "title": "Verifica se existe um título dentro do cabeçalho.",
              "fullTitle": "1 - Adicione um cabeçalho na página. Verifica se existe um título dentro do cabeçalho.",
              "timedOut": null,
              "duration": 461,
              "state": "passed",
              "speed": "slow",
              "pass": true,
              "fail": false,
              "pending": false,
              "context": null,
              "code": "cy.get('header h1').should('exist');",
              "err": {},
              "uuid": "10a0c05b-7131-40a0-925f-6caa41c35c2c",
              "parentUUID": "90f4e15a-4d2e-4121-ab8c-189a87918753",
              "isHook": false,
              "skipped": false
            },
            {
              "title": "Verifica se o texto do título é \"Soco a 80km/h: Conheça o Stomatopoda\".",
              "fullTitle": "1 - Adicione um cabeçalho na página. Verifica se o texto do título é \"Soco a 80km/h: Conheça o Stomatopoda\".",
              "timedOut": null,
              "duration": 438,
              "state": "passed",
              "speed": "slow",
              "pass": true,
              "fail": false,
              "pending": false,
              "context": null,
              "code": "cy.get('header h1').should('have.text', 'Soco a 80km/h: Conheça o Stomatopoda');",
              "err": {},
              "uuid": "c3e469c2-af08-43e1-b27c-588c28d14671",
              "parentUUID": "90f4e15a-4d2e-4121-ab8c-189a87918753",
              "isHook": false,
              "skipped": false
            }
          ],
          "suites": [],
          "passes": [
            "f51257b1-de68-43e9-a329-1b71d74ad4dd",
            "10a0c05b-7131-40a0-925f-6caa41c35c2c",
            "c3e469c2-af08-43e1-b27c-588c28d14671"
          ],
          "failures": [],
          "pending": [],
          "skipped": [],
          "duration": 1805,
          "root": false,
          "rootEmpty": false,
          "_timeout": 2000
        },
        {
          "uuid": "87613242-84d7-4fd0-9a93-b805341aea17",
          "title": "2 - Adicione um conjunto de links que representam a área de navegação do site.",
          "fullFile": "",
          "file": "",
          "beforeHooks": [],
          "afterHooks": [],
          "tests": [
            {
              "title": "Verifica se existe uma área de navegação no site",
              "fullTitle": "2 - Adicione um conjunto de links que representam a área de navegação do site. Verifica se existe uma área de navegação no site",
              "timedOut": null,
              "duration": 752,
              "state": "passed",
              "speed": "slow",
              "pass": true,
              "fail": false,
              "pending": false,
              "context": null,
              "code": "cy.get('nav').should('exist');",
              "err": {},
              "uuid": "55642dfb-6f9c-4e69-bba0-98101d9895f6",
              "parentUUID": "87613242-84d7-4fd0-9a93-b805341aea17",
              "isHook": false,
              "skipped": false
            },
            {
              "title": "Verifica se o primeiro link está com o texto \"Página Inicial\".",
              "fullTitle": "2 - Adicione um conjunto de links que representam a área de navegação do site. Verifica se o primeiro link está com o texto \"Página Inicial\".",
              "timedOut": null,
              "duration": 415,
              "state": "passed",
              "speed": "slow",
              "pass": true,
              "fail": false,
              "pending": false,
              "context": null,
              "code": "cy.get('nav a').eq(0).should('have.text', 'Página Inicial');",
              "err": {},
              "uuid": "af873653-58c3-4e2a-8cb7-783c2f0521a9",
              "parentUUID": "87613242-84d7-4fd0-9a93-b805341aea17",
              "isHook": false,
              "skipped": false
            },
            {
              "title": "Verifica se o segundo link está com o texto \"Sobre\".",
              "fullTitle": "2 - Adicione um conjunto de links que representam a área de navegação do site. Verifica se o segundo link está com o texto \"Sobre\".",
              "timedOut": null,
              "duration": 587,
              "state": "passed",
              "speed": "slow",
              "pass": true,
              "fail": false,
              "pending": false,
              "context": null,
              "code": "cy.get('nav a').eq(1).should('have.text', 'Sobre');",
              "err": {},
              "uuid": "5c6b7191-356e-4553-968e-87dad9161a98",
              "parentUUID": "87613242-84d7-4fd0-9a93-b805341aea17",
              "isHook": false,
              "skipped": false
            },
            {
              "title": "Verifica se o terceiro link está com o texto \"Contato\".",
              "fullTitle": "2 - Adicione um conjunto de links que representam a área de navegação do site. Verifica se o terceiro link está com o texto \"Contato\".",
              "timedOut": null,
              "duration": 658,
              "state": "passed",
              "speed": "slow",
              "pass": true,
              "fail": false,
              "pending": false,
              "context": null,
              "code": "cy.get('nav a').eq(2).should('have.text', 'Contato');",
              "err": {},
              "uuid": "f931983a-7882-4cb6-8e1f-6926cca3756c",
              "parentUUID": "87613242-84d7-4fd0-9a93-b805341aea17",
              "isHook": false,
              "skipped": false
            }
          ],
          "suites": [],
          "passes": [
            "55642dfb-6f9c-4e69-bba0-98101d9895f6",
            "af873653-58c3-4e2a-8cb7-783c2f0521a9",
            "5c6b7191-356e-4553-968e-87dad9161a98",
            "f931983a-7882-4cb6-8e1f-6926cca3756c"
          ],
          "failures": [],
          "pending": [],
          "skipped": [],
          "duration": 2412,
          "root": false,
          "rootEmpty": false,
          "_timeout": 2000
        },
        {
          "uuid": "b54e94a7-fa64-4a18-bd08-661cfc908ee8",
          "title": "3 - Crie um artigo que vai conter os fatos interessantes sobre o `Stomatopoda`.",
          "fullFile": "",
          "file": "",
          "beforeHooks": [],
          "afterHooks": [],
          "tests": [
            {
              "title": "Verifica se existe um artigo na página.",
              "fullTitle": "3 - Crie um artigo que vai conter os fatos interessantes sobre o `Stomatopoda`. Verifica se existe um artigo na página.",
              "timedOut": null,
              "duration": 400,
              "state": "passed",
              "speed": "slow",
              "pass": true,
              "fail": false,
              "pending": false,
              "context": null,
              "code": "cy.get('article').should('exist');",
              "err": {},
              "uuid": "38fcc354-8e0b-4931-9642-6fcb4bc35432",
              "parentUUID": "b54e94a7-fa64-4a18-bd08-661cfc908ee8",
              "isHook": false,
              "skipped": false
            },
            {
              "title": "Verifica se existe um subtítulo (h2) dentro do artigo.",
              "fullTitle": "3 - Crie um artigo que vai conter os fatos interessantes sobre o `Stomatopoda`. Verifica se existe um subtítulo (h2) dentro do artigo.",
              "timedOut": null,
              "duration": 396,
              "state": "passed",
              "speed": "slow",
              "pass": true,
              "fail": false,
              "pending": false,
              "context": null,
              "code": "cy.get('article h2').should('exist');",
              "err": {},
              "uuid": "b7a5721a-f5ab-47e9-8b2e-545a8205208f",
              "parentUUID": "b54e94a7-fa64-4a18-bd08-661cfc908ee8",
              "isHook": false,
              "skipped": false
            },
            {
              "title": "Verifica se o texto do subtítulo é \"Fatos sobre o Stomatopoda\".",
              "fullTitle": "3 - Crie um artigo que vai conter os fatos interessantes sobre o `Stomatopoda`. Verifica se o texto do subtítulo é \"Fatos sobre o Stomatopoda\".",
              "timedOut": null,
              "duration": 423,
              "state": "passed",
              "speed": "slow",
              "pass": true,
              "fail": false,
              "pending": false,
              "context": null,
              "code": "cy.get('article h2').should('have.text', 'Fatos sobre o Stomatopoda');",
              "err": {},
              "uuid": "4ad81645-8307-4b69-b1bc-11401f707677",
              "parentUUID": "b54e94a7-fa64-4a18-bd08-661cfc908ee8",
              "isHook": false,
              "skipped": false
            }
          ],
          "suites": [],
          "passes": [
            "38fcc354-8e0b-4931-9642-6fcb4bc35432",
            "b7a5721a-f5ab-47e9-8b2e-545a8205208f",
            "4ad81645-8307-4b69-b1bc-11401f707677"
          ],
          "failures": [],
          "pending": [],
          "skipped": [],
          "duration": 1219,
          "root": false,
          "rootEmpty": false,
          "_timeout": 2000
        },
        {
          "uuid": "325cc91f-a9d2-49ff-85a4-ba3ee9d767f6",
          "title": "4 - Divida o artigo em seções.",
          "fullFile": "",
          "file": "",
          "beforeHooks": [],
          "afterHooks": [],
          "tests": [
            {
              "title": "Verifica se \"Odontodactylus scyllarus\" aparece em itálico na primeira seção",
              "fullTitle": "4 - Divida o artigo em seções. Verifica se \"Odontodactylus scyllarus\" aparece em itálico na primeira seção",
              "timedOut": null,
              "duration": 452,
              "state": "passed",
              "speed": "slow",
              "pass": true,
              "fail": false,
              "pending": false,
              "context": null,
              "code": "cy.get('article > section').eq(0).find('em').should('contain', 'Odontodactylus scyllarus');",
              "err": {},
              "uuid": "cdc953c3-8d25-4151-8c99-58718fcc4206",
              "parentUUID": "325cc91f-a9d2-49ff-85a4-ba3ee9d767f6",
              "isHook": false,
              "skipped": false
            },
            {
              "title": "Verifica se existe um subtítulo (h3) para cada seção.",
              "fullTitle": "4 - Divida o artigo em seções. Verifica se existe um subtítulo (h3) para cada seção.",
              "timedOut": null,
              "duration": 524,
              "state": "passed",
              "speed": "slow",
              "pass": true,
              "fail": false,
              "pending": false,
              "context": null,
              "code": "cy.get('article > section').each(function (section) {\n  cy.wrap(section.find('h3')).should('exist');\n});",
              "err": {},
              "uuid": "d305bc25-e691-4a67-a660-c525f4e333c0",
              "parentUUID": "325cc91f-a9d2-49ff-85a4-ba3ee9d767f6",
              "isHook": false,
              "skipped": false
            }
          ],
          "suites": [],
          "passes": [
            "cdc953c3-8d25-4151-8c99-58718fcc4206",
            "d305bc25-e691-4a67-a660-c525f4e333c0"
          ],
          "failures": [],
          "pending": [],
          "skipped": [],
          "duration": 976,
          "root": false,
          "rootEmpty": false,
          "_timeout": 2000
        },
        {
          "uuid": "b06eb6ac-61f4-4108-ba40-f58eadf2206c",
          "title": "5 - Divida o artigo em seções.",
          "fullFile": "",
          "file": "",
          "beforeHooks": [],
          "afterHooks": [],
          "tests": [
            {
              "title": "Verifica se existem pelo menos duas seções no artigo",
              "fullTitle": "5 - Divida o artigo em seções. Verifica se existem pelo menos duas seções no artigo",
              "timedOut": null,
              "duration": 1140,
              "state": "passed",
              "speed": "slow",
              "pass": true,
              "fail": false,
              "pending": false,
              "context": null,
              "code": "cy.get('article > section').should('have.length.above', 1);",
              "err": {},
              "uuid": "0403ac27-6438-4491-b308-285555b8ef07",
              "parentUUID": "b06eb6ac-61f4-4108-ba40-f58eadf2206c",
              "isHook": false,
              "skipped": false
            },
            {
              "title": "Verifica se existe um subtítulo (h3) para cada seção.",
              "fullTitle": "5 - Divida o artigo em seções. Verifica se existe um subtítulo (h3) para cada seção.",
              "timedOut": null,
              "duration": 955,
              "state": "passed",
              "speed": "slow",
              "pass": true,
              "fail": false,
              "pending": false,
              "context": null,
              "code": "cy.get('article > section').each(function (section) {\n  cy.wrap(section.find('h3')).should('exist');\n});",
              "err": {},
              "uuid": "3bd0f064-8396-4058-9bf5-9e68895d563d",
              "parentUUID": "b06eb6ac-61f4-4108-ba40-f58eadf2206c",
              "isHook": false,
              "skipped": false
            },
            {
              "title": "Verifica se existe uma imagem para cada seção.",
              "fullTitle": "5 - Divida o artigo em seções. Verifica se existe uma imagem para cada seção.",
              "timedOut": null,
              "duration": 449,
              "state": "passed",
              "speed": "slow",
              "pass": true,
              "fail": false,
              "pending": false,
              "context": null,
              "code": "cy.get('article > section').each(function (section, index, collection) {\n  // skipping the first and last sections ('informações gerais' and 'referências bibliográficas')\n  if (index != 0 && index + 1 < collection.length) cy.wrap(section.find('img')).should('exist');\n});",
              "err": {},
              "uuid": "ffb49b4d-d9f8-4b00-b0f9-d18a8266ee18",
              "parentUUID": "b06eb6ac-61f4-4108-ba40-f58eadf2206c",
              "isHook": false,
              "skipped": false
            },
            {
              "title": "Verifica se a última seção contém links dentro de uma lista não ordenada.",
              "fullTitle": "5 - Divida o artigo em seções. Verifica se a última seção contém links dentro de uma lista não ordenada.",
              "timedOut": null,
              "duration": 546,
              "state": "passed",
              "speed": "slow",
              "pass": true,
              "fail": false,
              "pending": false,
              "context": null,
              "code": "cy.get('article > section').last().find('ul li a').should('exist');",
              "err": {},
              "uuid": "038a5b6c-01ba-4ad6-ae9d-be4724c5e743",
              "parentUUID": "b06eb6ac-61f4-4108-ba40-f58eadf2206c",
              "isHook": false,
              "skipped": false
            }
          ],
          "suites": [],
          "passes": [
            "0403ac27-6438-4491-b308-285555b8ef07",
            "3bd0f064-8396-4058-9bf5-9e68895d563d",
            "ffb49b4d-d9f8-4b00-b0f9-d18a8266ee18",
            "038a5b6c-01ba-4ad6-ae9d-be4724c5e743"
          ],
          "failures": [],
          "pending": [],
          "skipped": [],
          "duration": 3090,
          "root": false,
          "rootEmpty": false,
          "_timeout": 2000
        },
        {
          "uuid": "b79344a3-8bb9-4cb3-8d7a-deb46963785d",
          "title": "6 - Adicione um conteúdo adjacente ao artigo.",
          "fullFile": "",
          "file": "",
          "beforeHooks": [],
          "afterHooks": [],
          "tests": [
            {
              "title": "Verifica se existe um conteúdo adjacente na página na página.",
              "fullTitle": "6 - Adicione um conteúdo adjacente ao artigo. Verifica se existe um conteúdo adjacente na página na página.",
              "timedOut": null,
              "duration": 958,
              "state": "passed",
              "speed": "slow",
              "pass": true,
              "fail": false,
              "pending": false,
              "context": null,
              "code": "cy.get('aside').should('exist');",
              "err": {},
              "uuid": "4ea85a46-e12b-4ee4-8573-ef5d957623d1",
              "parentUUID": "b79344a3-8bb9-4cb3-8d7a-deb46963785d",
              "isHook": false,
              "skipped": false
            },
            {
              "title": "Verifica se existe um link dentro do conteúdo adjacente com o endereço \"https://www.youtube.com/watch?v=E0Li1k5hGBE\".",
              "fullTitle": "6 - Adicione um conteúdo adjacente ao artigo. Verifica se existe um link dentro do conteúdo adjacente com o endereço \"https://www.youtube.com/watch?v=E0Li1k5hGBE\".",
              "timedOut": null,
              "duration": 395,
              "state": "passed",
              "speed": "slow",
              "pass": true,
              "fail": false,
              "pending": false,
              "context": null,
              "code": "cy.get('aside a').should('have.attr', 'href', 'https://www.youtube.com/watch?v=E0Li1k5hGBE');",
              "err": {},
              "uuid": "9d6cf968-37d2-4d5c-ab11-a1906436f654",
              "parentUUID": "b79344a3-8bb9-4cb3-8d7a-deb46963785d",
              "isHook": false,
              "skipped": false
            }
          ],
          "suites": [],
          "passes": [
            "4ea85a46-e12b-4ee4-8573-ef5d957623d1",
            "9d6cf968-37d2-4d5c-ab11-a1906436f654"
          ],
          "failures": [],
          "pending": [],
          "skipped": [],
          "duration": 1353,
          "root": false,
          "rootEmpty": false,
          "_timeout": 2000
        },
        {
          "uuid": "daf1cbb1-08da-468d-b4e7-7089d9edfcbe",
          "title": "7 - Adicione um rodapé na página.",
          "fullFile": "",
          "file": "",
          "beforeHooks": [],
          "afterHooks": [],
          "tests": [
            {
              "title": "Verifica se existe um rodapé na página.",
              "fullTitle": "7 - Adicione um rodapé na página. Verifica se existe um rodapé na página.",
              "timedOut": null,
              "duration": 431,
              "state": "passed",
              "speed": "slow",
              "pass": true,
              "fail": false,
              "pending": false,
              "context": null,
              "code": "cy.get('footer').should('exist');",
              "err": {},
              "uuid": "985e7765-e079-47a5-ae81-8e51b54ed2e1",
              "parentUUID": "daf1cbb1-08da-468d-b4e7-7089d9edfcbe",
              "isHook": false,
              "skipped": false
            },
            {
              "title": "Verifica se existe o texto \"Conteúdo compilado por <insere seu nome>, <ano atual>\". no rodapé da página",
              "fullTitle": "7 - Adicione um rodapé na página. Verifica se existe o texto \"Conteúdo compilado por <insere seu nome>, <ano atual>\". no rodapé da página",
              "timedOut": null,
              "duration": 467,
              "state": "passed",
              "speed": "slow",
              "pass": true,
              "fail": false,
              "pending": false,
              "context": null,
              "code": "cy.get('footer').contains(/\"Conteúdo compilado por .*, \\d\\d\\d\\d\"\\./);",
              "err": {},
              "uuid": "7461d7bf-1d94-4ff4-90d7-a2e5facc11f9",
              "parentUUID": "daf1cbb1-08da-468d-b4e7-7089d9edfcbe",
              "isHook": false,
              "skipped": false
            }
          ],
          "suites": [],
          "passes": [
            "985e7765-e079-47a5-ae81-8e51b54ed2e1",
            "7461d7bf-1d94-4ff4-90d7-a2e5facc11f9"
          ],
          "failures": [],
          "pending": [],
          "skipped": [],
          "duration": 898,
          "root": false,
          "rootEmpty": false,
          "_timeout": 2000
        }
      ],
      "passes": [],
      "failures": [],
      "pending": [],
      "skipped": [],
      "duration": 0,
      "root": true,
      "rootEmpty": true,
      "_timeout": 2000
    }
  ],
  "meta": {
    "mocha": {
      "version": "7.0.1"
    },
    "mochawesome": {
      "options": {
        "quiet": false,
        "reportFilename": "mochawesome",
        "saveHtml": false,
        "saveJson": true,
        "consoleReporter": "spec",
        "useInlineDiffs": false
      },
      "version": "4.1.0"
    },
    "marge": {
      "options": {
        "id": "default",
        "reportDir": "cypress/reports",
        "overwrite": false,
        "html": false,
        "json": true
      },
      "version": "4.1.0"
    }
  }
}