{
  "stats": {
    "suites": 7,
    "tests": 20,
    "passes": 19,
    "pending": 0,
    "failures": 1,
    "start": "2024-03-13T05:14:54.630Z",
    "end": "2024-03-13T05:15:18.438Z",
    "duration": 23808,
    "testsRegistered": 20,
    "passPercent": 95,
    "pendingPercent": 0,
    "other": 0,
    "hasOther": false,
    "skipped": 0,
    "hasSkipped": false
  },
  "results": [
    {
      "uuid": "b97470bb-a27a-4dd8-8a56-be14b2d29d60",
      "title": "",
      "fullFile": "cypress/integration/project.spec.js",
      "file": "cypress/integration/project.spec.js",
      "beforeHooks": [],
      "afterHooks": [],
      "tests": [],
      "suites": [
        {
          "uuid": "7850f353-6fd0-49f7-9d99-6d7a854d4bd7",
          "title": "1 - Adicione um cabeçalho na página.",
          "fullFile": "",
          "file": "",
          "beforeHooks": [],
          "afterHooks": [],
          "tests": [
            {
              "title": "Verifica se existe um cabeçalho na página.",
              "fullTitle": "1 - Adicione um cabeçalho na página. Verifica se existe um cabeçalho na página.",
              "timedOut": null,
              "duration": 882,
              "state": "passed",
              "speed": "slow",
              "pass": true,
              "fail": false,
              "pending": false,
              "context": null,
              "code": "cy.get('header').should('exist');",
              "err": {},
              "uuid": "49ab48b6-f41d-4f2e-a69f-48e089ffda25",
              "parentUUID": "7850f353-6fd0-49f7-9d99-6d7a854d4bd7",
              "isHook": false,
              "skipped": false
            },
            {
              "title": "Verifica se existe um título dentro do cabeçalho.",
              "fullTitle": "1 - Adicione um cabeçalho na página. Verifica se existe um título dentro do cabeçalho.",
              "timedOut": null,
              "duration": 395,
              "state": "passed",
              "speed": "slow",
              "pass": true,
              "fail": false,
              "pending": false,
              "context": null,
              "code": "cy.get('header h1').should('exist');",
              "err": {},
              "uuid": "7a09a31b-ea25-4bc9-84d6-94a1d158ced3",
              "parentUUID": "7850f353-6fd0-49f7-9d99-6d7a854d4bd7",
              "isHook": false,
              "skipped": false
            },
            {
              "title": "Verifica se o texto do título é \"Soco a 80km/h: Conheça o Stomatopoda\".",
              "fullTitle": "1 - Adicione um cabeçalho na página. Verifica se o texto do título é \"Soco a 80km/h: Conheça o Stomatopoda\".",
              "timedOut": null,
              "duration": 477,
              "state": "passed",
              "speed": "slow",
              "pass": true,
              "fail": false,
              "pending": false,
              "context": null,
              "code": "cy.get('header h1').should('have.text', 'Soco a 80km/h: Conheça o Stomatopoda');",
              "err": {},
              "uuid": "27f0eefa-34e7-4757-aa2b-54ccc832048c",
              "parentUUID": "7850f353-6fd0-49f7-9d99-6d7a854d4bd7",
              "isHook": false,
              "skipped": false
            }
          ],
          "suites": [],
          "passes": [
            "49ab48b6-f41d-4f2e-a69f-48e089ffda25",
            "7a09a31b-ea25-4bc9-84d6-94a1d158ced3",
            "27f0eefa-34e7-4757-aa2b-54ccc832048c"
          ],
          "failures": [],
          "pending": [],
          "skipped": [],
          "duration": 1754,
          "root": false,
          "rootEmpty": false,
          "_timeout": 2000
        },
        {
          "uuid": "4479a04d-bfc5-4481-8e21-3d577e5be422",
          "title": "2 - Adicione um conjunto de links que representam a área de navegação do site.",
          "fullFile": "",
          "file": "",
          "beforeHooks": [],
          "afterHooks": [],
          "tests": [
            {
              "title": "Verifica se existe uma área de navegação no site",
              "fullTitle": "2 - Adicione um conjunto de links que representam a área de navegação do site. Verifica se existe uma área de navegação no site",
              "timedOut": null,
              "duration": 1005,
              "state": "passed",
              "speed": "slow",
              "pass": true,
              "fail": false,
              "pending": false,
              "context": null,
              "code": "cy.get('nav').should('exist');",
              "err": {},
              "uuid": "0ecb72c5-7fb9-4470-ab6b-c91c3027fa72",
              "parentUUID": "4479a04d-bfc5-4481-8e21-3d577e5be422",
              "isHook": false,
              "skipped": false
            },
            {
              "title": "Verifica se o primeiro link está com o texto \"Página Inicial\".",
              "fullTitle": "2 - Adicione um conjunto de links que representam a área de navegação do site. Verifica se o primeiro link está com o texto \"Página Inicial\".",
              "timedOut": null,
              "duration": 972,
              "state": "passed",
              "speed": "slow",
              "pass": true,
              "fail": false,
              "pending": false,
              "context": null,
              "code": "cy.get('nav a').eq(0).should('have.text', 'Página Inicial');",
              "err": {},
              "uuid": "be380dfa-da0b-42c3-8a38-e3d606cc8a5f",
              "parentUUID": "4479a04d-bfc5-4481-8e21-3d577e5be422",
              "isHook": false,
              "skipped": false
            },
            {
              "title": "Verifica se o segundo link está com o texto \"Sobre\".",
              "fullTitle": "2 - Adicione um conjunto de links que representam a área de navegação do site. Verifica se o segundo link está com o texto \"Sobre\".",
              "timedOut": null,
              "duration": 441,
              "state": "passed",
              "speed": "slow",
              "pass": true,
              "fail": false,
              "pending": false,
              "context": null,
              "code": "cy.get('nav a').eq(1).should('have.text', 'Sobre');",
              "err": {},
              "uuid": "4ad924b0-594c-4fc6-9567-543ce4c72175",
              "parentUUID": "4479a04d-bfc5-4481-8e21-3d577e5be422",
              "isHook": false,
              "skipped": false
            },
            {
              "title": "Verifica se o terceiro link está com o texto \"Contato\".",
              "fullTitle": "2 - Adicione um conjunto de links que representam a área de navegação do site. Verifica se o terceiro link está com o texto \"Contato\".",
              "timedOut": null,
              "duration": 541,
              "state": "passed",
              "speed": "slow",
              "pass": true,
              "fail": false,
              "pending": false,
              "context": null,
              "code": "cy.get('nav a').eq(2).should('have.text', 'Contato');",
              "err": {},
              "uuid": "7ba2763f-93c2-4e42-a600-52ce0c51e0e8",
              "parentUUID": "4479a04d-bfc5-4481-8e21-3d577e5be422",
              "isHook": false,
              "skipped": false
            }
          ],
          "suites": [],
          "passes": [
            "0ecb72c5-7fb9-4470-ab6b-c91c3027fa72",
            "be380dfa-da0b-42c3-8a38-e3d606cc8a5f",
            "4ad924b0-594c-4fc6-9567-543ce4c72175",
            "7ba2763f-93c2-4e42-a600-52ce0c51e0e8"
          ],
          "failures": [],
          "pending": [],
          "skipped": [],
          "duration": 2959,
          "root": false,
          "rootEmpty": false,
          "_timeout": 2000
        },
        {
          "uuid": "b3b5fd56-29ce-4a7a-857e-f4207b26e103",
          "title": "3 - Crie um artigo que vai conter os fatos interessantes sobre o `Stomatopoda`.",
          "fullFile": "",
          "file": "",
          "beforeHooks": [],
          "afterHooks": [],
          "tests": [
            {
              "title": "Verifica se existe um artigo na página.",
              "fullTitle": "3 - Crie um artigo que vai conter os fatos interessantes sobre o `Stomatopoda`. Verifica se existe um artigo na página.",
              "timedOut": null,
              "duration": 421,
              "state": "passed",
              "speed": "slow",
              "pass": true,
              "fail": false,
              "pending": false,
              "context": null,
              "code": "cy.get('article').should('exist');",
              "err": {},
              "uuid": "8c24e105-cf7c-4c5f-beca-73707529ec4d",
              "parentUUID": "b3b5fd56-29ce-4a7a-857e-f4207b26e103",
              "isHook": false,
              "skipped": false
            },
            {
              "title": "Verifica se existe um subtítulo (h2) dentro do artigo.",
              "fullTitle": "3 - Crie um artigo que vai conter os fatos interessantes sobre o `Stomatopoda`. Verifica se existe um subtítulo (h2) dentro do artigo.",
              "timedOut": null,
              "duration": 369,
              "state": "passed",
              "speed": "slow",
              "pass": true,
              "fail": false,
              "pending": false,
              "context": null,
              "code": "cy.get('article h2').should('exist');",
              "err": {},
              "uuid": "696612bf-2db2-4c4e-aea5-804d839b1ee3",
              "parentUUID": "b3b5fd56-29ce-4a7a-857e-f4207b26e103",
              "isHook": false,
              "skipped": false
            },
            {
              "title": "Verifica se o texto do subtítulo é \"Fatos sobre o Stomatopoda\".",
              "fullTitle": "3 - Crie um artigo que vai conter os fatos interessantes sobre o `Stomatopoda`. Verifica se o texto do subtítulo é \"Fatos sobre o Stomatopoda\".",
              "timedOut": null,
              "duration": 514,
              "state": "passed",
              "speed": "slow",
              "pass": true,
              "fail": false,
              "pending": false,
              "context": null,
              "code": "cy.get('article h2').should('have.text', 'Fatos sobre o Stomatopoda');",
              "err": {},
              "uuid": "1ddd3865-b53e-474e-90a6-fc2ddf9cdb74",
              "parentUUID": "b3b5fd56-29ce-4a7a-857e-f4207b26e103",
              "isHook": false,
              "skipped": false
            }
          ],
          "suites": [],
          "passes": [
            "8c24e105-cf7c-4c5f-beca-73707529ec4d",
            "696612bf-2db2-4c4e-aea5-804d839b1ee3",
            "1ddd3865-b53e-474e-90a6-fc2ddf9cdb74"
          ],
          "failures": [],
          "pending": [],
          "skipped": [],
          "duration": 1304,
          "root": false,
          "rootEmpty": false,
          "_timeout": 2000
        },
        {
          "uuid": "e50dd12e-7598-473e-afdf-2bc81bdc5a16",
          "title": "4 - Divida o artigo em seções.",
          "fullFile": "",
          "file": "",
          "beforeHooks": [],
          "afterHooks": [],
          "tests": [
            {
              "title": "Verifica se \"Odontodactylus scyllarus\" aparece em itálico na primeira seção",
              "fullTitle": "4 - Divida o artigo em seções. Verifica se \"Odontodactylus scyllarus\" aparece em itálico na primeira seção",
              "timedOut": null,
              "duration": 489,
              "state": "passed",
              "speed": "slow",
              "pass": true,
              "fail": false,
              "pending": false,
              "context": null,
              "code": "cy.get('article > section').eq(0).find('em').should('contain', 'Odontodactylus scyllarus');",
              "err": {},
              "uuid": "d44206ce-4e0d-4760-b789-d7ed829727db",
              "parentUUID": "e50dd12e-7598-473e-afdf-2bc81bdc5a16",
              "isHook": false,
              "skipped": false
            },
            {
              "title": "Verifica se existe um subtítulo (h3) para cada seção.",
              "fullTitle": "4 - Divida o artigo em seções. Verifica se existe um subtítulo (h3) para cada seção.",
              "timedOut": null,
              "duration": 478,
              "state": "passed",
              "speed": "slow",
              "pass": true,
              "fail": false,
              "pending": false,
              "context": null,
              "code": "cy.get('article > section').each(function (section) {\n  cy.wrap(section.find('h3')).should('exist');\n});",
              "err": {},
              "uuid": "4770ceee-b5d0-45ca-8b22-57eeb0c89b65",
              "parentUUID": "e50dd12e-7598-473e-afdf-2bc81bdc5a16",
              "isHook": false,
              "skipped": false
            }
          ],
          "suites": [],
          "passes": [
            "d44206ce-4e0d-4760-b789-d7ed829727db",
            "4770ceee-b5d0-45ca-8b22-57eeb0c89b65"
          ],
          "failures": [],
          "pending": [],
          "skipped": [],
          "duration": 967,
          "root": false,
          "rootEmpty": false,
          "_timeout": 2000
        },
        {
          "uuid": "7cd20a0b-8478-4493-a835-2d36a5bf2be3",
          "title": "5 - Divida o artigo em seções.",
          "fullFile": "",
          "file": "",
          "beforeHooks": [],
          "afterHooks": [],
          "tests": [
            {
              "title": "Verifica se existem pelo menos duas seções no artigo",
              "fullTitle": "5 - Divida o artigo em seções. Verifica se existem pelo menos duas seções no artigo",
              "timedOut": null,
              "duration": 707,
              "state": "passed",
              "speed": "slow",
              "pass": true,
              "fail": false,
              "pending": false,
              "context": null,
              "code": "cy.get('article > section').should('have.length.above', 1);",
              "err": {},
              "uuid": "d1d5df52-128e-41a6-b83d-9b1b32f40144",
              "parentUUID": "7cd20a0b-8478-4493-a835-2d36a5bf2be3",
              "isHook": false,
              "skipped": false
            },
            {
              "title": "Verifica se existe um subtítulo (h3) para cada seção.",
              "fullTitle": "5 - Divida o artigo em seções. Verifica se existe um subtítulo (h3) para cada seção.",
              "timedOut": null,
              "duration": 1109,
              "state": "passed",
              "speed": "slow",
              "pass": true,
              "fail": false,
              "pending": false,
              "context": null,
              "code": "cy.get('article > section').each(function (section) {\n  cy.wrap(section.find('h3')).should('exist');\n});",
              "err": {},
              "uuid": "cea3a756-9954-41fa-8988-4c4f0b5a8178",
              "parentUUID": "7cd20a0b-8478-4493-a835-2d36a5bf2be3",
              "isHook": false,
              "skipped": false
            },
            {
              "title": "Verifica se existe uma imagem para cada seção.",
              "fullTitle": "5 - Divida o artigo em seções. Verifica se existe uma imagem para cada seção.",
              "timedOut": null,
              "duration": 689,
              "state": "passed",
              "speed": "slow",
              "pass": true,
              "fail": false,
              "pending": false,
              "context": null,
              "code": "cy.get('article > section').each(function (section, index, collection) {\n  // skipping the first and last sections ('informações gerais' and 'referências bibliográficas')\n  if (index != 0 && index + 1 < collection.length) cy.wrap(section.find('img')).should('exist');\n});",
              "err": {},
              "uuid": "c2ec4d92-28f7-4a18-9da0-ccdfb28ed3af",
              "parentUUID": "7cd20a0b-8478-4493-a835-2d36a5bf2be3",
              "isHook": false,
              "skipped": false
            },
            {
              "title": "Verifica se a última seção contém links dentro de uma lista não ordenada.",
              "fullTitle": "5 - Divida o artigo em seções. Verifica se a última seção contém links dentro de uma lista não ordenada.",
              "timedOut": null,
              "duration": 1234,
              "state": "passed",
              "speed": "slow",
              "pass": true,
              "fail": false,
              "pending": false,
              "context": null,
              "code": "cy.get('article > section').last().find('ul li a').should('exist');",
              "err": {},
              "uuid": "5cc2f051-0a37-45c6-ac0e-df41a7b3f0b3",
              "parentUUID": "7cd20a0b-8478-4493-a835-2d36a5bf2be3",
              "isHook": false,
              "skipped": false
            }
          ],
          "suites": [],
          "passes": [
            "d1d5df52-128e-41a6-b83d-9b1b32f40144",
            "cea3a756-9954-41fa-8988-4c4f0b5a8178",
            "c2ec4d92-28f7-4a18-9da0-ccdfb28ed3af",
            "5cc2f051-0a37-45c6-ac0e-df41a7b3f0b3"
          ],
          "failures": [],
          "pending": [],
          "skipped": [],
          "duration": 3739,
          "root": false,
          "rootEmpty": false,
          "_timeout": 2000
        },
        {
          "uuid": "58f412b1-975e-4638-a4dd-f73e0fd9a828",
          "title": "6 - Adicione um conteúdo adjacente ao artigo.",
          "fullFile": "",
          "file": "",
          "beforeHooks": [],
          "afterHooks": [],
          "tests": [
            {
              "title": "Verifica se existe um conteúdo adjacente na página na página.",
              "fullTitle": "6 - Adicione um conteúdo adjacente ao artigo. Verifica se existe um conteúdo adjacente na página na página.",
              "timedOut": null,
              "duration": 936,
              "state": "passed",
              "speed": "slow",
              "pass": true,
              "fail": false,
              "pending": false,
              "context": null,
              "code": "cy.get('aside').should('exist');",
              "err": {},
              "uuid": "2ed040bb-0c89-463d-beb2-386b796df918",
              "parentUUID": "58f412b1-975e-4638-a4dd-f73e0fd9a828",
              "isHook": false,
              "skipped": false
            },
            {
              "title": "Verifica se existe um link dentro do conteúdo adjacente com o endereço \"https://www.youtube.com/watch?v=E0Li1k5hGBE\".",
              "fullTitle": "6 - Adicione um conteúdo adjacente ao artigo. Verifica se existe um link dentro do conteúdo adjacente com o endereço \"https://www.youtube.com/watch?v=E0Li1k5hGBE\".",
              "timedOut": null,
              "duration": 10972,
              "state": "failed",
              "speed": null,
              "pass": false,
              "fail": true,
              "pending": false,
              "context": null,
              "code": "cy.get('aside a').should('have.attr', 'href', 'https://www.youtube.com/watch?v=E0Li1k5hGBE');",
              "err": {
                "message": "AssertionError: Timed out retrying: Expected to find element: `aside a`, but never found it.",
                "estack": "AssertionError: Timed out retrying: Expected to find element: `aside a`, but never found it.\n    at Context.eval (http://localhost:46801/__cypress/tests?p=cypress/integration/project.spec.js:187:23)",
                "diff": null
              },
              "uuid": "8b7bfe04-cf61-47cd-8311-870afd09717f",
              "parentUUID": "58f412b1-975e-4638-a4dd-f73e0fd9a828",
              "isHook": false,
              "skipped": false
            }
          ],
          "suites": [],
          "passes": [
            "2ed040bb-0c89-463d-beb2-386b796df918"
          ],
          "failures": [
            "8b7bfe04-cf61-47cd-8311-870afd09717f"
          ],
          "pending": [],
          "skipped": [],
          "duration": 11908,
          "root": false,
          "rootEmpty": false,
          "_timeout": 2000
        },
        {
          "uuid": "4a252c78-e854-4fb7-a6bc-1d8c9133993e",
          "title": "7 - Adicione um rodapé na página.",
          "fullFile": "",
          "file": "",
          "beforeHooks": [],
          "afterHooks": [],
          "tests": [
            {
              "title": "Verifica se existe um rodapé na página.",
              "fullTitle": "7 - Adicione um rodapé na página. Verifica se existe um rodapé na página.",
              "timedOut": null,
              "duration": 570,
              "state": "passed",
              "speed": "slow",
              "pass": true,
              "fail": false,
              "pending": false,
              "context": null,
              "code": "cy.get('footer').should('exist');",
              "err": {},
              "uuid": "72bfdebc-a763-4414-8a72-090dca638ec5",
              "parentUUID": "4a252c78-e854-4fb7-a6bc-1d8c9133993e",
              "isHook": false,
              "skipped": false
            },
            {
              "title": "Verifica se existe o texto \"Conteúdo compilado por <insere seu nome>, <ano atual>\". no rodapé da página",
              "fullTitle": "7 - Adicione um rodapé na página. Verifica se existe o texto \"Conteúdo compilado por <insere seu nome>, <ano atual>\". no rodapé da página",
              "timedOut": null,
              "duration": 449,
              "state": "passed",
              "speed": "slow",
              "pass": true,
              "fail": false,
              "pending": false,
              "context": null,
              "code": "cy.get('footer').contains(/\"Conteúdo compilado por .*, \\d\\d\\d\\d\"\\./);",
              "err": {},
              "uuid": "6661c099-73c3-4367-948d-ef03a98b3e00",
              "parentUUID": "4a252c78-e854-4fb7-a6bc-1d8c9133993e",
              "isHook": false,
              "skipped": false
            }
          ],
          "suites": [],
          "passes": [
            "72bfdebc-a763-4414-8a72-090dca638ec5",
            "6661c099-73c3-4367-948d-ef03a98b3e00"
          ],
          "failures": [],
          "pending": [],
          "skipped": [],
          "duration": 1019,
          "root": false,
          "rootEmpty": false,
          "_timeout": 2000
        }
      ],
      "passes": [],
      "failures": [],
      "pending": [],
      "skipped": [],
      "duration": 0,
      "root": true,
      "rootEmpty": true,
      "_timeout": 2000
    }
  ],
  "meta": {
    "mocha": {
      "version": "7.0.1"
    },
    "mochawesome": {
      "options": {
        "quiet": false,
        "reportFilename": "mochawesome",
        "saveHtml": false,
        "saveJson": true,
        "consoleReporter": "spec",
        "useInlineDiffs": false
      },
      "version": "4.1.0"
    },
    "marge": {
      "options": {
        "id": "default",
        "reportDir": "cypress/reports",
        "overwrite": false,
        "html": false,
        "json": true
      },
      "version": "4.1.0"
    }
  }
}