{
  "stats": {
    "suites": 7,
    "tests": 20,
    "passes": 19,
    "pending": 0,
    "failures": 1,
    "start": "2024-03-13T03:19:56.670Z",
    "end": "2024-03-13T03:20:09.061Z",
    "duration": 12391,
    "testsRegistered": 20,
    "passPercent": 95,
    "pendingPercent": 0,
    "other": 0,
    "hasOther": false,
    "skipped": 0,
    "hasSkipped": false
  },
  "results": [
    {
      "uuid": "36320eb0-c261-44cd-88c4-554585f01d82",
      "title": "",
      "fullFile": "cypress/integration/project.spec.js",
      "file": "cypress/integration/project.spec.js",
      "beforeHooks": [],
      "afterHooks": [],
      "tests": [],
      "suites": [
        {
          "uuid": "30705038-e3d8-47ff-8525-09bf1e7fe96d",
          "title": "1 - Adicione um cabeçalho na página.",
          "fullFile": "",
          "file": "",
          "beforeHooks": [],
          "afterHooks": [],
          "tests": [
            {
              "title": "Verifica se existe um cabeçalho na página.",
              "fullTitle": "1 - Adicione um cabeçalho na página. Verifica se existe um cabeçalho na página.",
              "timedOut": null,
              "duration": 167,
              "state": "passed",
              "speed": "slow",
              "pass": true,
              "fail": false,
              "pending": false,
              "context": null,
              "code": "cy.get('header').should('exist');",
              "err": {},
              "uuid": "99e9502c-e85a-4cf1-baeb-15a170064e6b",
              "parentUUID": "30705038-e3d8-47ff-8525-09bf1e7fe96d",
              "isHook": false,
              "skipped": false
            },
            {
              "title": "Verifica se existe um título dentro do cabeçalho.",
              "fullTitle": "1 - Adicione um cabeçalho na página. Verifica se existe um título dentro do cabeçalho.",
              "timedOut": null,
              "duration": 94,
              "state": "passed",
              "speed": "slow",
              "pass": true,
              "fail": false,
              "pending": false,
              "context": null,
              "code": "cy.get('header h1').should('exist');",
              "err": {},
              "uuid": "ca81eb03-f662-4c30-b878-358b434a89f7",
              "parentUUID": "30705038-e3d8-47ff-8525-09bf1e7fe96d",
              "isHook": false,
              "skipped": false
            },
            {
              "title": "Verifica se o texto do título é \"Soco a 80km/h: Conheça o Stomatopoda\".",
              "fullTitle": "1 - Adicione um cabeçalho na página. Verifica se o texto do título é \"Soco a 80km/h: Conheça o Stomatopoda\".",
              "timedOut": null,
              "duration": 130,
              "state": "passed",
              "speed": "slow",
              "pass": true,
              "fail": false,
              "pending": false,
              "context": null,
              "code": "cy.get('header h1').should('have.text', 'Soco a 80km/h: Conheça o Stomatopoda');",
              "err": {},
              "uuid": "e3f610a9-5d1b-4bb5-9230-383d43e2aca5",
              "parentUUID": "30705038-e3d8-47ff-8525-09bf1e7fe96d",
              "isHook": false,
              "skipped": false
            }
          ],
          "suites": [],
          "passes": [
            "99e9502c-e85a-4cf1-baeb-15a170064e6b",
            "ca81eb03-f662-4c30-b878-358b434a89f7",
            "e3f610a9-5d1b-4bb5-9230-383d43e2aca5"
          ],
          "failures": [],
          "pending": [],
          "skipped": [],
          "duration": 391,
          "root": false,
          "rootEmpty": false,
          "_timeout": 2000
        },
        {
          "uuid": "03d78a8c-e588-4a6f-b8bb-3cd365ebd171",
          "title": "2 - Adicione um conjunto de links que representam a área de navegação do site.",
          "fullFile": "",
          "file": "",
          "beforeHooks": [],
          "afterHooks": [],
          "tests": [
            {
              "title": "Verifica se existe uma área de navegação no site",
              "fullTitle": "2 - Adicione um conjunto de links que representam a área de navegação do site. Verifica se existe uma área de navegação no site",
              "timedOut": null,
              "duration": 128,
              "state": "passed",
              "speed": "slow",
              "pass": true,
              "fail": false,
              "pending": false,
              "context": null,
              "code": "cy.get('nav').should('exist');",
              "err": {},
              "uuid": "12b2b472-3fc6-4c98-98e1-6be3eb0d36d6",
              "parentUUID": "03d78a8c-e588-4a6f-b8bb-3cd365ebd171",
              "isHook": false,
              "skipped": false
            },
            {
              "title": "Verifica se o primeiro link está com o texto \"Página Inicial\".",
              "fullTitle": "2 - Adicione um conjunto de links que representam a área de navegação do site. Verifica se o primeiro link está com o texto \"Página Inicial\".",
              "timedOut": null,
              "duration": 131,
              "state": "passed",
              "speed": "slow",
              "pass": true,
              "fail": false,
              "pending": false,
              "context": null,
              "code": "cy.get('nav a').eq(0).should('have.text', 'Página Inicial');",
              "err": {},
              "uuid": "e4769f38-cf1c-4aa0-815d-1c5eba0f6ed3",
              "parentUUID": "03d78a8c-e588-4a6f-b8bb-3cd365ebd171",
              "isHook": false,
              "skipped": false
            },
            {
              "title": "Verifica se o segundo link está com o texto \"Sobre\".",
              "fullTitle": "2 - Adicione um conjunto de links que representam a área de navegação do site. Verifica se o segundo link está com o texto \"Sobre\".",
              "timedOut": null,
              "duration": 99,
              "state": "passed",
              "speed": "slow",
              "pass": true,
              "fail": false,
              "pending": false,
              "context": null,
              "code": "cy.get('nav a').eq(1).should('have.text', 'Sobre');",
              "err": {},
              "uuid": "6dce9583-61b1-4803-8fd0-a48f5d410e72",
              "parentUUID": "03d78a8c-e588-4a6f-b8bb-3cd365ebd171",
              "isHook": false,
              "skipped": false
            },
            {
              "title": "Verifica se o terceiro link está com o texto \"Contato\".",
              "fullTitle": "2 - Adicione um conjunto de links que representam a área de navegação do site. Verifica se o terceiro link está com o texto \"Contato\".",
              "timedOut": null,
              "duration": 97,
              "state": "passed",
              "speed": "slow",
              "pass": true,
              "fail": false,
              "pending": false,
              "context": null,
              "code": "cy.get('nav a').eq(2).should('have.text', 'Contato');",
              "err": {},
              "uuid": "1412b91c-ffac-42a5-89b9-51c160b3585f",
              "parentUUID": "03d78a8c-e588-4a6f-b8bb-3cd365ebd171",
              "isHook": false,
              "skipped": false
            }
          ],
          "suites": [],
          "passes": [
            "12b2b472-3fc6-4c98-98e1-6be3eb0d36d6",
            "e4769f38-cf1c-4aa0-815d-1c5eba0f6ed3",
            "6dce9583-61b1-4803-8fd0-a48f5d410e72",
            "1412b91c-ffac-42a5-89b9-51c160b3585f"
          ],
          "failures": [],
          "pending": [],
          "skipped": [],
          "duration": 455,
          "root": false,
          "rootEmpty": false,
          "_timeout": 2000
        },
        {
          "uuid": "c293d261-8462-47d1-b75c-785a656d0c27",
          "title": "3 - Crie um artigo que vai conter os fatos interessantes sobre o `Stomatopoda`.",
          "fullFile": "",
          "file": "",
          "beforeHooks": [],
          "afterHooks": [],
          "tests": [
            {
              "title": "Verifica se existe um artigo na página.",
              "fullTitle": "3 - Crie um artigo que vai conter os fatos interessantes sobre o `Stomatopoda`. Verifica se existe um artigo na página.",
              "timedOut": null,
              "duration": 96,
              "state": "passed",
              "speed": "slow",
              "pass": true,
              "fail": false,
              "pending": false,
              "context": null,
              "code": "cy.get('article').should('exist');",
              "err": {},
              "uuid": "f43164cf-320f-491d-941e-f19c402b83a7",
              "parentUUID": "c293d261-8462-47d1-b75c-785a656d0c27",
              "isHook": false,
              "skipped": false
            },
            {
              "title": "Verifica se existe um subtítulo (h2) dentro do artigo.",
              "fullTitle": "3 - Crie um artigo que vai conter os fatos interessantes sobre o `Stomatopoda`. Verifica se existe um subtítulo (h2) dentro do artigo.",
              "timedOut": null,
              "duration": 99,
              "state": "passed",
              "speed": "slow",
              "pass": true,
              "fail": false,
              "pending": false,
              "context": null,
              "code": "cy.get('article h2').should('exist');",
              "err": {},
              "uuid": "6c0e31ba-c7fe-4902-b0d2-2d8dee292f57",
              "parentUUID": "c293d261-8462-47d1-b75c-785a656d0c27",
              "isHook": false,
              "skipped": false
            },
            {
              "title": "Verifica se o texto do subtítulo é \"Fatos sobre o Stomatopoda\".",
              "fullTitle": "3 - Crie um artigo que vai conter os fatos interessantes sobre o `Stomatopoda`. Verifica se o texto do subtítulo é \"Fatos sobre o Stomatopoda\".",
              "timedOut": null,
              "duration": 98,
              "state": "passed",
              "speed": "slow",
              "pass": true,
              "fail": false,
              "pending": false,
              "context": null,
              "code": "cy.get('article h2').should('have.text', 'Fatos sobre o Stomatopoda');",
              "err": {},
              "uuid": "40e9dcf9-2975-460d-9efc-27bb9dbc62d7",
              "parentUUID": "c293d261-8462-47d1-b75c-785a656d0c27",
              "isHook": false,
              "skipped": false
            }
          ],
          "suites": [],
          "passes": [
            "f43164cf-320f-491d-941e-f19c402b83a7",
            "6c0e31ba-c7fe-4902-b0d2-2d8dee292f57",
            "40e9dcf9-2975-460d-9efc-27bb9dbc62d7"
          ],
          "failures": [],
          "pending": [],
          "skipped": [],
          "duration": 293,
          "root": false,
          "rootEmpty": false,
          "_timeout": 2000
        },
        {
          "uuid": "c198ce09-d5d7-4422-a17e-ba27c98b91b7",
          "title": "4 - Divida o artigo em seções.",
          "fullFile": "",
          "file": "",
          "beforeHooks": [],
          "afterHooks": [],
          "tests": [
            {
              "title": "Verifica se \"Odontodactylus scyllarus\" aparece em itálico na primeira seção",
              "fullTitle": "4 - Divida o artigo em seções. Verifica se \"Odontodactylus scyllarus\" aparece em itálico na primeira seção",
              "timedOut": null,
              "duration": 108,
              "state": "passed",
              "speed": "slow",
              "pass": true,
              "fail": false,
              "pending": false,
              "context": null,
              "code": "cy.get('article > section').eq(0).find('em').should('contain', 'Odontodactylus scyllarus');",
              "err": {},
              "uuid": "2896f554-7070-41c9-a869-0e416a58d432",
              "parentUUID": "c198ce09-d5d7-4422-a17e-ba27c98b91b7",
              "isHook": false,
              "skipped": false
            },
            {
              "title": "Verifica se existe um subtítulo (h3) para cada seção.",
              "fullTitle": "4 - Divida o artigo em seções. Verifica se existe um subtítulo (h3) para cada seção.",
              "timedOut": null,
              "duration": 108,
              "state": "passed",
              "speed": "slow",
              "pass": true,
              "fail": false,
              "pending": false,
              "context": null,
              "code": "cy.get('article > section').each(function (section) {\n  cy.wrap(section.find('h3')).should('exist');\n});",
              "err": {},
              "uuid": "bd2c40b0-ced8-452e-a610-ac2caf61196f",
              "parentUUID": "c198ce09-d5d7-4422-a17e-ba27c98b91b7",
              "isHook": false,
              "skipped": false
            }
          ],
          "suites": [],
          "passes": [
            "2896f554-7070-41c9-a869-0e416a58d432",
            "bd2c40b0-ced8-452e-a610-ac2caf61196f"
          ],
          "failures": [],
          "pending": [],
          "skipped": [],
          "duration": 216,
          "root": false,
          "rootEmpty": false,
          "_timeout": 2000
        },
        {
          "uuid": "a9ed4734-3b9c-4205-ad6a-b6622d68056f",
          "title": "5 - Divida o artigo em seções.",
          "fullFile": "",
          "file": "",
          "beforeHooks": [],
          "afterHooks": [],
          "tests": [
            {
              "title": "Verifica se existem pelo menos duas seções no artigo",
              "fullTitle": "5 - Divida o artigo em seções. Verifica se existem pelo menos duas seções no artigo",
              "timedOut": null,
              "duration": 106,
              "state": "passed",
              "speed": "slow",
              "pass": true,
              "fail": false,
              "pending": false,
              "context": null,
              "code": "cy.get('article > section').should('have.length.above', 1);",
              "err": {},
              "uuid": "d5935dc2-527f-4537-9414-30c30dd6ff73",
              "parentUUID": "a9ed4734-3b9c-4205-ad6a-b6622d68056f",
              "isHook": false,
              "skipped": false
            },
            {
              "title": "Verifica se existe um subtítulo (h3) para cada seção.",
              "fullTitle": "5 - Divida o artigo em seções. Verifica se existe um subtítulo (h3) para cada seção.",
              "timedOut": null,
              "duration": 108,
              "state": "passed",
              "speed": "slow",
              "pass": true,
              "fail": false,
              "pending": false,
              "context": null,
              "code": "cy.get('article > section').each(function (section) {\n  cy.wrap(section.find('h3')).should('exist');\n});",
              "err": {},
              "uuid": "5343c010-6f38-4a91-9187-28e691400a96",
              "parentUUID": "a9ed4734-3b9c-4205-ad6a-b6622d68056f",
              "isHook": false,
              "skipped": false
            },
            {
              "title": "Verifica se existe uma imagem para cada seção.",
              "fullTitle": "5 - Divida o artigo em seções. Verifica se existe uma imagem para cada seção.",
              "timedOut": null,
              "duration": 96,
              "state": "passed",
              "speed": "slow",
              "pass": true,
              "fail": false,
              "pending": false,
              "context": null,
              "code": "cy.get('article > section').each(function (section, index, collection) {\n  // skipping the first and last sections ('informações gerais' and 'referências bibliográficas')\n  if (index != 0 && index + 1 < collection.length) cy.wrap(section.find('img')).should('exist');\n});",
              "err": {},
              "uuid": "a1a1d9a9-8533-4651-b579-5af25467ac2e",
              "parentUUID": "a9ed4734-3b9c-4205-ad6a-b6622d68056f",
              "isHook": false,
              "skipped": false
            },
            {
              "title": "Verifica se a última seção contém links dentro de uma lista não ordenada.",
              "fullTitle": "5 - Divida o artigo em seções. Verifica se a última seção contém links dentro de uma lista não ordenada.",
              "timedOut": null,
              "duration": 106,
              "state": "passed",
              "speed": "slow",
              "pass": true,
              "fail": false,
              "pending": false,
              "context": null,
              "code": "cy.get('article > section').last().find('ul li a').should('exist');",
              "err": {},
              "uuid": "35f34ed8-5766-4519-a122-881959762686",
              "parentUUID": "a9ed4734-3b9c-4205-ad6a-b6622d68056f",
              "isHook": false,
              "skipped": false
            }
          ],
          "suites": [],
          "passes": [
            "d5935dc2-527f-4537-9414-30c30dd6ff73",
            "5343c010-6f38-4a91-9187-28e691400a96",
            "a1a1d9a9-8533-4651-b579-5af25467ac2e",
            "35f34ed8-5766-4519-a122-881959762686"
          ],
          "failures": [],
          "pending": [],
          "skipped": [],
          "duration": 416,
          "root": false,
          "rootEmpty": false,
          "_timeout": 2000
        },
        {
          "uuid": "a54409b8-7a20-48ba-bdd4-d09d147bcc34",
          "title": "6 - Adicione um conteúdo adjacente ao artigo.",
          "fullFile": "",
          "file": "",
          "beforeHooks": [],
          "afterHooks": [],
          "tests": [
            {
              "title": "Verifica se existe um conteúdo adjacente na página na página.",
              "fullTitle": "6 - Adicione um conteúdo adjacente ao artigo. Verifica se existe um conteúdo adjacente na página na página.",
              "timedOut": null,
              "duration": 92,
              "state": "passed",
              "speed": "slow",
              "pass": true,
              "fail": false,
              "pending": false,
              "context": null,
              "code": "cy.get('aside').should('exist');",
              "err": {},
              "uuid": "4e782193-99af-4afa-8b58-7879f95ad968",
              "parentUUID": "a54409b8-7a20-48ba-bdd4-d09d147bcc34",
              "isHook": false,
              "skipped": false
            },
            {
              "title": "Verifica se existe um link dentro do conteúdo adjacente com o endereço \"https://www.youtube.com/watch?v=E0Li1k5hGBE\".",
              "fullTitle": "6 - Adicione um conteúdo adjacente ao artigo. Verifica se existe um link dentro do conteúdo adjacente com o endereço \"https://www.youtube.com/watch?v=E0Li1k5hGBE\".",
              "timedOut": null,
              "duration": 92,
              "state": "passed",
              "speed": "slow",
              "pass": true,
              "fail": false,
              "pending": false,
              "context": null,
              "code": "cy.get('aside a').should('have.attr', 'href', 'https://www.youtube.com/watch?v=E0Li1k5hGBE');",
              "err": {},
              "uuid": "58a818c4-ee76-4281-b7bc-e7f77d381a6c",
              "parentUUID": "a54409b8-7a20-48ba-bdd4-d09d147bcc34",
              "isHook": false,
              "skipped": false
            }
          ],
          "suites": [],
          "passes": [
            "4e782193-99af-4afa-8b58-7879f95ad968",
            "58a818c4-ee76-4281-b7bc-e7f77d381a6c"
          ],
          "failures": [],
          "pending": [],
          "skipped": [],
          "duration": 184,
          "root": false,
          "rootEmpty": false,
          "_timeout": 2000
        },
        {
          "uuid": "635a2096-39ff-4cda-bc9b-499198fb1b43",
          "title": "7 - Adicione um rodapé na página.",
          "fullFile": "",
          "file": "",
          "beforeHooks": [],
          "afterHooks": [],
          "tests": [
            {
              "title": "Verifica se existe um rodapé na página.",
              "fullTitle": "7 - Adicione um rodapé na página. Verifica se existe um rodapé na página.",
              "timedOut": null,
              "duration": 91,
              "state": "passed",
              "speed": "slow",
              "pass": true,
              "fail": false,
              "pending": false,
              "context": null,
              "code": "cy.get('footer').should('exist');",
              "err": {},
              "uuid": "f958624b-5a11-447e-bb61-ab2122c9821e",
              "parentUUID": "635a2096-39ff-4cda-bc9b-499198fb1b43",
              "isHook": false,
              "skipped": false
            },
            {
              "title": "Verifica se existe o texto \"Conteúdo compilado por <insere seu nome>, <ano atual>\". no rodapé da página",
              "fullTitle": "7 - Adicione um rodapé na página. Verifica se existe o texto \"Conteúdo compilado por <insere seu nome>, <ano atual>\". no rodapé da página",
              "timedOut": null,
              "duration": 10100,
              "state": "failed",
              "speed": null,
              "pass": false,
              "fail": true,
              "pending": false,
              "context": null,
              "code": "cy.get('footer').contains(/\"Conteúdo compilado por .*, \\d\\d\\d\\d\"\\./);",
              "err": {
                "message": "AssertionError: Timed out retrying: Expected to find content: '/\"Conteúdo compilado por .*, \\d\\d\\d\\d\"\\./' within the element: <footer> but never did.",
                "estack": "AssertionError: Timed out retrying: Expected to find content: '/\"Conteúdo compilado por .*, \\d\\d\\d\\d\"\\./' within the element: <footer> but never did.\n    at Context.eval (http://localhost:40715/__cypress/tests?p=cypress/integration/project.spec.js:198:22)",
                "diff": null
              },
              "uuid": "18b5c4ff-e1cd-4289-8555-0d2c726ba605",
              "parentUUID": "635a2096-39ff-4cda-bc9b-499198fb1b43",
              "isHook": false,
              "skipped": false
            }
          ],
          "suites": [],
          "passes": [
            "f958624b-5a11-447e-bb61-ab2122c9821e"
          ],
          "failures": [
            "18b5c4ff-e1cd-4289-8555-0d2c726ba605"
          ],
          "pending": [],
          "skipped": [],
          "duration": 10191,
          "root": false,
          "rootEmpty": false,
          "_timeout": 2000
        }
      ],
      "passes": [],
      "failures": [],
      "pending": [],
      "skipped": [],
      "duration": 0,
      "root": true,
      "rootEmpty": true,
      "_timeout": 2000
    }
  ],
  "meta": {
    "mocha": {
      "version": "7.0.1"
    },
    "mochawesome": {
      "options": {
        "quiet": false,
        "reportFilename": "mochawesome",
        "saveHtml": false,
        "saveJson": true,
        "consoleReporter": "spec",
        "useInlineDiffs": false
      },
      "version": "4.1.0"
    },
    "marge": {
      "options": {
        "id": "default",
        "reportDir": "cypress/reports",
        "overwrite": false,
        "html": false,
        "json": true
      },
      "version": "4.1.0"
    }
  }
}