{
  "stats": {
    "suites": 7,
    "tests": 20,
    "passes": 13,
    "pending": 0,
    "failures": 7,
    "start": "2024-03-13T01:47:04.208Z",
    "end": "2024-03-13T01:48:15.735Z",
    "duration": 71527,
    "testsRegistered": 20,
    "passPercent": 65,
    "pendingPercent": 0,
    "other": 0,
    "hasOther": false,
    "skipped": 0,
    "hasSkipped": false
  },
  "results": [
    {
      "uuid": "d9d2c267-1857-4905-97f0-e08d2279e4bf",
      "title": "",
      "fullFile": "cypress/integration/project.spec.js",
      "file": "cypress/integration/project.spec.js",
      "beforeHooks": [],
      "afterHooks": [],
      "tests": [],
      "suites": [
        {
          "uuid": "0c50ee78-67cd-4448-867a-fa54201c7b2b",
          "title": "1 - Adicione um cabeçalho na página.",
          "fullFile": "",
          "file": "",
          "beforeHooks": [],
          "afterHooks": [],
          "tests": [
            {
              "title": "Verifica se existe um cabeçalho na página.",
              "fullTitle": "1 - Adicione um cabeçalho na página. Verifica se existe um cabeçalho na página.",
              "timedOut": null,
              "duration": 161,
              "state": "passed",
              "speed": "slow",
              "pass": true,
              "fail": false,
              "pending": false,
              "context": null,
              "code": "cy.get('header').should('exist');",
              "err": {},
              "uuid": "72b951cd-f361-4cdd-8011-e39535b2722e",
              "parentUUID": "0c50ee78-67cd-4448-867a-fa54201c7b2b",
              "isHook": false,
              "skipped": false
            },
            {
              "title": "Verifica se existe um título dentro do cabeçalho.",
              "fullTitle": "1 - Adicione um cabeçalho na página. Verifica se existe um título dentro do cabeçalho.",
              "timedOut": null,
              "duration": 49,
              "state": "passed",
              "speed": "medium",
              "pass": true,
              "fail": false,
              "pending": false,
              "context": null,
              "code": "cy.get('header h1').should('exist');",
              "err": {},
              "uuid": "7edb251e-e440-4e4e-845d-e93b78d66ad0",
              "parentUUID": "0c50ee78-67cd-4448-867a-fa54201c7b2b",
              "isHook": false,
              "skipped": false
            },
            {
              "title": "Verifica se o texto do título é \"Soco a 80km/h: Conheça o Stomatopoda\".",
              "fullTitle": "1 - Adicione um cabeçalho na página. Verifica se o texto do título é \"Soco a 80km/h: Conheça o Stomatopoda\".",
              "timedOut": null,
              "duration": 91,
              "state": "passed",
              "speed": "slow",
              "pass": true,
              "fail": false,
              "pending": false,
              "context": null,
              "code": "cy.get('header h1').should('have.text', 'Soco a 80km/h: Conheça o Stomatopoda');",
              "err": {},
              "uuid": "8273c915-3468-4b66-9d01-09c55f0e134d",
              "parentUUID": "0c50ee78-67cd-4448-867a-fa54201c7b2b",
              "isHook": false,
              "skipped": false
            }
          ],
          "suites": [],
          "passes": [
            "72b951cd-f361-4cdd-8011-e39535b2722e",
            "7edb251e-e440-4e4e-845d-e93b78d66ad0",
            "8273c915-3468-4b66-9d01-09c55f0e134d"
          ],
          "failures": [],
          "pending": [],
          "skipped": [],
          "duration": 301,
          "root": false,
          "rootEmpty": false,
          "_timeout": 2000
        },
        {
          "uuid": "8a3a026b-e9e1-4fd2-9c56-0b23d31e5cf2",
          "title": "2 - Adicione um conjunto de links que representam a área de navegação do site.",
          "fullFile": "",
          "file": "",
          "beforeHooks": [],
          "afterHooks": [],
          "tests": [
            {
              "title": "Verifica se existe uma área de navegação no site",
              "fullTitle": "2 - Adicione um conjunto de links que representam a área de navegação do site. Verifica se existe uma área de navegação no site",
              "timedOut": null,
              "duration": 56,
              "state": "passed",
              "speed": "medium",
              "pass": true,
              "fail": false,
              "pending": false,
              "context": null,
              "code": "cy.get('nav').should('exist');",
              "err": {},
              "uuid": "c29b2c80-0d95-4793-a932-7d682d1c5e34",
              "parentUUID": "8a3a026b-e9e1-4fd2-9c56-0b23d31e5cf2",
              "isHook": false,
              "skipped": false
            },
            {
              "title": "Verifica se o primeiro link está com o texto \"Página Inicial\".",
              "fullTitle": "2 - Adicione um conjunto de links que representam a área de navegação do site. Verifica se o primeiro link está com o texto \"Página Inicial\".",
              "timedOut": null,
              "duration": 61,
              "state": "passed",
              "speed": "medium",
              "pass": true,
              "fail": false,
              "pending": false,
              "context": null,
              "code": "cy.get('nav a').eq(0).should('have.text', 'Página Inicial');",
              "err": {},
              "uuid": "d8feee83-dd12-4871-883a-dd9d3abc77c7",
              "parentUUID": "8a3a026b-e9e1-4fd2-9c56-0b23d31e5cf2",
              "isHook": false,
              "skipped": false
            },
            {
              "title": "Verifica se o segundo link está com o texto \"Sobre\".",
              "fullTitle": "2 - Adicione um conjunto de links que representam a área de navegação do site. Verifica se o segundo link está com o texto \"Sobre\".",
              "timedOut": null,
              "duration": 58,
              "state": "passed",
              "speed": "medium",
              "pass": true,
              "fail": false,
              "pending": false,
              "context": null,
              "code": "cy.get('nav a').eq(1).should('have.text', 'Sobre');",
              "err": {},
              "uuid": "060a8f85-a873-4975-bc9a-322f0f991e70",
              "parentUUID": "8a3a026b-e9e1-4fd2-9c56-0b23d31e5cf2",
              "isHook": false,
              "skipped": false
            },
            {
              "title": "Verifica se o terceiro link está com o texto \"Contato\".",
              "fullTitle": "2 - Adicione um conjunto de links que representam a área de navegação do site. Verifica se o terceiro link está com o texto \"Contato\".",
              "timedOut": null,
              "duration": 54,
              "state": "passed",
              "speed": "medium",
              "pass": true,
              "fail": false,
              "pending": false,
              "context": null,
              "code": "cy.get('nav a').eq(2).should('have.text', 'Contato');",
              "err": {},
              "uuid": "cf3bf663-c3cb-4ab7-9ee0-aeacf08fc6e8",
              "parentUUID": "8a3a026b-e9e1-4fd2-9c56-0b23d31e5cf2",
              "isHook": false,
              "skipped": false
            }
          ],
          "suites": [],
          "passes": [
            "c29b2c80-0d95-4793-a932-7d682d1c5e34",
            "d8feee83-dd12-4871-883a-dd9d3abc77c7",
            "060a8f85-a873-4975-bc9a-322f0f991e70",
            "cf3bf663-c3cb-4ab7-9ee0-aeacf08fc6e8"
          ],
          "failures": [],
          "pending": [],
          "skipped": [],
          "duration": 229,
          "root": false,
          "rootEmpty": false,
          "_timeout": 2000
        },
        {
          "uuid": "4ded7f03-569e-4f5c-bcdf-4d38aa4d2ea2",
          "title": "3 - Crie um artigo que vai conter os fatos interessantes sobre o `Stomatopoda`.",
          "fullFile": "",
          "file": "",
          "beforeHooks": [],
          "afterHooks": [],
          "tests": [
            {
              "title": "Verifica se existe um artigo na página.",
              "fullTitle": "3 - Crie um artigo que vai conter os fatos interessantes sobre o `Stomatopoda`. Verifica se existe um artigo na página.",
              "timedOut": null,
              "duration": 52,
              "state": "passed",
              "speed": "medium",
              "pass": true,
              "fail": false,
              "pending": false,
              "context": null,
              "code": "cy.get('article').should('exist');",
              "err": {},
              "uuid": "80d19a10-fd36-4eb5-9257-b2cac8a572a6",
              "parentUUID": "4ded7f03-569e-4f5c-bcdf-4d38aa4d2ea2",
              "isHook": false,
              "skipped": false
            },
            {
              "title": "Verifica se existe um subtítulo (h2) dentro do artigo.",
              "fullTitle": "3 - Crie um artigo que vai conter os fatos interessantes sobre o `Stomatopoda`. Verifica se existe um subtítulo (h2) dentro do artigo.",
              "timedOut": null,
              "duration": 51,
              "state": "passed",
              "speed": "medium",
              "pass": true,
              "fail": false,
              "pending": false,
              "context": null,
              "code": "cy.get('article h2').should('exist');",
              "err": {},
              "uuid": "6b86cd58-8cf4-44fd-8134-c2b458e9cc0f",
              "parentUUID": "4ded7f03-569e-4f5c-bcdf-4d38aa4d2ea2",
              "isHook": false,
              "skipped": false
            },
            {
              "title": "Verifica se o texto do subtítulo é \"Fatos sobre o Stomatopoda\".",
              "fullTitle": "3 - Crie um artigo que vai conter os fatos interessantes sobre o `Stomatopoda`. Verifica se o texto do subtítulo é \"Fatos sobre o Stomatopoda\".",
              "timedOut": null,
              "duration": 53,
              "state": "passed",
              "speed": "medium",
              "pass": true,
              "fail": false,
              "pending": false,
              "context": null,
              "code": "cy.get('article h2').should('have.text', 'Fatos sobre o Stomatopoda');",
              "err": {},
              "uuid": "aee46acd-c257-4097-b2cb-ef71911794e4",
              "parentUUID": "4ded7f03-569e-4f5c-bcdf-4d38aa4d2ea2",
              "isHook": false,
              "skipped": false
            }
          ],
          "suites": [],
          "passes": [
            "80d19a10-fd36-4eb5-9257-b2cac8a572a6",
            "6b86cd58-8cf4-44fd-8134-c2b458e9cc0f",
            "aee46acd-c257-4097-b2cb-ef71911794e4"
          ],
          "failures": [],
          "pending": [],
          "skipped": [],
          "duration": 156,
          "root": false,
          "rootEmpty": false,
          "_timeout": 2000
        },
        {
          "uuid": "f76d9a44-0843-47e3-ac7b-b69a6d511237",
          "title": "4 - Divida o artigo em seções.",
          "fullFile": "",
          "file": "",
          "beforeHooks": [],
          "afterHooks": [],
          "tests": [
            {
              "title": "Verifica se \"Odontodactylus scyllarus\" aparece em itálico na primeira seção",
              "fullTitle": "4 - Divida o artigo em seções. Verifica se \"Odontodactylus scyllarus\" aparece em itálico na primeira seção",
              "timedOut": null,
              "duration": 10067,
              "state": "failed",
              "speed": null,
              "pass": false,
              "fail": true,
              "pending": false,
              "context": null,
              "code": "cy.get('article > section').eq(0).find('em').should('contain', 'Odontodactylus scyllarus');",
              "err": {
                "message": "AssertionError: Timed out retrying: Expected to find element: `em`, but never found it. Queried from element: <section>",
                "estack": "AssertionError: Timed out retrying: Expected to find element: `em`, but never found it. Queried from element: <section>\n    at Context.eval (http://localhost:39365/__cypress/tests?p=cypress/integration/project.spec.js:149:50)",
                "diff": null
              },
              "uuid": "6d896bb8-9eaa-4faf-8d9f-6724539f36fb",
              "parentUUID": "f76d9a44-0843-47e3-ac7b-b69a6d511237",
              "isHook": false,
              "skipped": false
            },
            {
              "title": "Verifica se existe um subtítulo (h3) para cada seção.",
              "fullTitle": "4 - Divida o artigo em seções. Verifica se existe um subtítulo (h3) para cada seção.",
              "timedOut": null,
              "duration": 59,
              "state": "passed",
              "speed": "medium",
              "pass": true,
              "fail": false,
              "pending": false,
              "context": null,
              "code": "cy.get('article > section').each(function (section) {\n  cy.wrap(section.find('h3')).should('exist');\n});",
              "err": {},
              "uuid": "40a257c5-a546-49a7-866a-b5b22a2c8c9a",
              "parentUUID": "f76d9a44-0843-47e3-ac7b-b69a6d511237",
              "isHook": false,
              "skipped": false
            }
          ],
          "suites": [],
          "passes": [
            "40a257c5-a546-49a7-866a-b5b22a2c8c9a"
          ],
          "failures": [
            "6d896bb8-9eaa-4faf-8d9f-6724539f36fb"
          ],
          "pending": [],
          "skipped": [],
          "duration": 10126,
          "root": false,
          "rootEmpty": false,
          "_timeout": 2000
        },
        {
          "uuid": "0bbb777e-b214-4624-b79e-8a6c5a0476d2",
          "title": "5 - Divida o artigo em seções.",
          "fullFile": "",
          "file": "",
          "beforeHooks": [],
          "afterHooks": [],
          "tests": [
            {
              "title": "Verifica se existem pelo menos duas seções no artigo",
              "fullTitle": "5 - Divida o artigo em seções. Verifica se existem pelo menos duas seções no artigo",
              "timedOut": null,
              "duration": 86,
              "state": "passed",
              "speed": "slow",
              "pass": true,
              "fail": false,
              "pending": false,
              "context": null,
              "code": "cy.get('article > section').should('have.length.above', 1);",
              "err": {},
              "uuid": "0dd74fb6-0cb6-4ae6-9e30-ce540c5e16b8",
              "parentUUID": "0bbb777e-b214-4624-b79e-8a6c5a0476d2",
              "isHook": false,
              "skipped": false
            },
            {
              "title": "Verifica se existe um subtítulo (h3) para cada seção.",
              "fullTitle": "5 - Divida o artigo em seções. Verifica se existe um subtítulo (h3) para cada seção.",
              "timedOut": null,
              "duration": 92,
              "state": "passed",
              "speed": "slow",
              "pass": true,
              "fail": false,
              "pending": false,
              "context": null,
              "code": "cy.get('article > section').each(function (section) {\n  cy.wrap(section.find('h3')).should('exist');\n});",
              "err": {},
              "uuid": "538a4686-1497-422d-ab0f-62bd01b9d0b4",
              "parentUUID": "0bbb777e-b214-4624-b79e-8a6c5a0476d2",
              "isHook": false,
              "skipped": false
            },
            {
              "title": "Verifica se existe uma imagem para cada seção.",
              "fullTitle": "5 - Divida o artigo em seções. Verifica se existe uma imagem para cada seção.",
              "timedOut": null,
              "duration": 10053,
              "state": "failed",
              "speed": null,
              "pass": false,
              "fail": true,
              "pending": false,
              "context": null,
              "code": "cy.get('article > section').each(function (section, index, collection) {\n  // skipping the first and last sections ('informações gerais' and 'referências bibliográficas')\n  if (index != 0 && index + 1 < collection.length) cy.wrap(section.find('img')).should('exist');\n});",
              "err": {
                "message": "AssertionError: Timed out retrying: Expected to find element: `undefined`, but never found it.",
                "estack": "AssertionError: Timed out retrying: Expected to find element: `undefined`, but never found it.\n    at Context.eval (http://localhost:39365/__cypress/tests?p=cypress/integration/project.spec.js:172:85)",
                "diff": null
              },
              "uuid": "4e15fd93-bbff-4780-a4e6-c11f71289fd0",
              "parentUUID": "0bbb777e-b214-4624-b79e-8a6c5a0476d2",
              "isHook": false,
              "skipped": false
            },
            {
              "title": "Verifica se a última seção contém links dentro de uma lista não ordenada.",
              "fullTitle": "5 - Divida o artigo em seções. Verifica se a última seção contém links dentro de uma lista não ordenada.",
              "timedOut": null,
              "duration": 10050,
              "state": "failed",
              "speed": null,
              "pass": false,
              "fail": true,
              "pending": false,
              "context": null,
              "code": "cy.get('article > section').last().find('ul li a').should('exist');",
              "err": {
                "message": "AssertionError: Timed out retrying: Expected to find element: `ul li a`, but never found it. Queried from element: <section>",
                "estack": "AssertionError: Timed out retrying: Expected to find element: `ul li a`, but never found it. Queried from element: <section>\n    at Context.eval (http://localhost:39365/__cypress/tests?p=cypress/integration/project.spec.js:176:56)",
                "diff": null
              },
              "uuid": "cc0c8089-44b2-4cf5-a2e1-4815af41b9a4",
              "parentUUID": "0bbb777e-b214-4624-b79e-8a6c5a0476d2",
              "isHook": false,
              "skipped": false
            }
          ],
          "suites": [],
          "passes": [
            "0dd74fb6-0cb6-4ae6-9e30-ce540c5e16b8",
            "538a4686-1497-422d-ab0f-62bd01b9d0b4"
          ],
          "failures": [
            "4e15fd93-bbff-4780-a4e6-c11f71289fd0",
            "cc0c8089-44b2-4cf5-a2e1-4815af41b9a4"
          ],
          "pending": [],
          "skipped": [],
          "duration": 20281,
          "root": false,
          "rootEmpty": false,
          "_timeout": 2000
        },
        {
          "uuid": "c1852991-1096-47cf-aa25-d8628877ca38",
          "title": "6 - Adicione um conteúdo adjacente ao artigo.",
          "fullFile": "",
          "file": "",
          "beforeHooks": [],
          "afterHooks": [],
          "tests": [
            {
              "title": "Verifica se existe um conteúdo adjacente na página na página.",
              "fullTitle": "6 - Adicione um conteúdo adjacente ao artigo. Verifica se existe um conteúdo adjacente na página na página.",
              "timedOut": null,
              "duration": 10036,
              "state": "failed",
              "speed": null,
              "pass": false,
              "fail": true,
              "pending": false,
              "context": null,
              "code": "cy.get('aside').should('exist');",
              "err": {
                "message": "AssertionError: Timed out retrying: Expected to find element: `aside`, but never found it.",
                "estack": "AssertionError: Timed out retrying: Expected to find element: `aside`, but never found it.\n    at Context.eval (http://localhost:39365/__cypress/tests?p=cypress/integration/project.spec.js:184:21)",
                "diff": null
              },
              "uuid": "a70887a7-9a58-41bf-8693-06a2859bb730",
              "parentUUID": "c1852991-1096-47cf-aa25-d8628877ca38",
              "isHook": false,
              "skipped": false
            },
            {
              "title": "Verifica se existe um link dentro do conteúdo adjacente com o endereço \"https://www.youtube.com/watch?v=E0Li1k5hGBE\".",
              "fullTitle": "6 - Adicione um conteúdo adjacente ao artigo. Verifica se existe um link dentro do conteúdo adjacente com o endereço \"https://www.youtube.com/watch?v=E0Li1k5hGBE\".",
              "timedOut": null,
              "duration": 10048,
              "state": "failed",
              "speed": null,
              "pass": false,
              "fail": true,
              "pending": false,
              "context": null,
              "code": "cy.get('aside a').should('have.attr', 'href', 'https://www.youtube.com/watch?v=E0Li1k5hGBE');",
              "err": {
                "message": "AssertionError: Timed out retrying: Expected to find element: `aside a`, but never found it.",
                "estack": "AssertionError: Timed out retrying: Expected to find element: `aside a`, but never found it.\n    at Context.eval (http://localhost:39365/__cypress/tests?p=cypress/integration/project.spec.js:187:23)",
                "diff": null
              },
              "uuid": "47a3df91-0942-4193-994e-922b1ae9078d",
              "parentUUID": "c1852991-1096-47cf-aa25-d8628877ca38",
              "isHook": false,
              "skipped": false
            }
          ],
          "suites": [],
          "passes": [],
          "failures": [
            "a70887a7-9a58-41bf-8693-06a2859bb730",
            "47a3df91-0942-4193-994e-922b1ae9078d"
          ],
          "pending": [],
          "skipped": [],
          "duration": 20084,
          "root": false,
          "rootEmpty": false,
          "_timeout": 2000
        },
        {
          "uuid": "99e89532-993c-4691-8c41-c7c198f4f4f4",
          "title": "7 - Adicione um rodapé na página.",
          "fullFile": "",
          "file": "",
          "beforeHooks": [],
          "afterHooks": [],
          "tests": [
            {
              "title": "Verifica se existe um rodapé na página.",
              "fullTitle": "7 - Adicione um rodapé na página. Verifica se existe um rodapé na página.",
              "timedOut": null,
              "duration": 10049,
              "state": "failed",
              "speed": null,
              "pass": false,
              "fail": true,
              "pending": false,
              "context": null,
              "code": "cy.get('footer').should('exist');",
              "err": {
                "message": "AssertionError: Timed out retrying: Expected to find element: `footer`, but never found it.",
                "estack": "AssertionError: Timed out retrying: Expected to find element: `footer`, but never found it.\n    at Context.eval (http://localhost:39365/__cypress/tests?p=cypress/integration/project.spec.js:195:22)",
                "diff": null
              },
              "uuid": "a8e851bf-ec74-4263-89ac-3388aadfed3b",
              "parentUUID": "99e89532-993c-4691-8c41-c7c198f4f4f4",
              "isHook": false,
              "skipped": false
            },
            {
              "title": "Verifica se existe o texto \"Conteúdo compilado por <insere seu nome>, <ano atual>\". no rodapé da página",
              "fullTitle": "7 - Adicione um rodapé na página. Verifica se existe o texto \"Conteúdo compilado por <insere seu nome>, <ano atual>\". no rodapé da página",
              "timedOut": null,
              "duration": 10053,
              "state": "failed",
              "speed": null,
              "pass": false,
              "fail": true,
              "pending": false,
              "context": null,
              "code": "cy.get('footer').contains(/\"Conteúdo compilado por .*, \\d\\d\\d\\d\"\\./);",
              "err": {
                "message": "AssertionError: Timed out retrying: Expected to find element: `footer`, but never found it.",
                "estack": "AssertionError: Timed out retrying: Expected to find element: `footer`, but never found it.\n    at Context.eval (http://localhost:39365/__cypress/tests?p=cypress/integration/project.spec.js:198:8)",
                "diff": null
              },
              "uuid": "edde5347-05da-483b-a9f9-0770c7ee2d90",
              "parentUUID": "99e89532-993c-4691-8c41-c7c198f4f4f4",
              "isHook": false,
              "skipped": false
            }
          ],
          "suites": [],
          "passes": [],
          "failures": [
            "a8e851bf-ec74-4263-89ac-3388aadfed3b",
            "edde5347-05da-483b-a9f9-0770c7ee2d90"
          ],
          "pending": [],
          "skipped": [],
          "duration": 20102,
          "root": false,
          "rootEmpty": false,
          "_timeout": 2000
        }
      ],
      "passes": [],
      "failures": [],
      "pending": [],
      "skipped": [],
      "duration": 0,
      "root": true,
      "rootEmpty": true,
      "_timeout": 2000
    }
  ],
  "meta": {
    "mocha": {
      "version": "7.0.1"
    },
    "mochawesome": {
      "options": {
        "quiet": false,
        "reportFilename": "mochawesome",
        "saveHtml": false,
        "saveJson": true,
        "consoleReporter": "spec",
        "useInlineDiffs": false
      },
      "version": "4.1.0"
    },
    "marge": {
      "options": {
        "id": "default",
        "reportDir": "cypress/reports",
        "overwrite": false,
        "html": false,
        "json": true
      },
      "version": "4.1.0"
    }
  }
}