{
  "stats": {
    "suites": 7,
    "tests": 20,
    "passes": 19,
    "pending": 0,
    "failures": 1,
    "start": "2024-03-13T04:34:31.432Z",
    "end": "2024-03-13T04:34:58.012Z",
    "duration": 26580,
    "testsRegistered": 20,
    "passPercent": 95,
    "pendingPercent": 0,
    "other": 0,
    "hasOther": false,
    "skipped": 0,
    "hasSkipped": false
  },
  "results": [
    {
      "uuid": "2ebb6345-f1f7-4ba5-80d9-a0ff1aeefdd8",
      "title": "",
      "fullFile": "cypress/integration/project.spec.js",
      "file": "cypress/integration/project.spec.js",
      "beforeHooks": [],
      "afterHooks": [],
      "tests": [],
      "suites": [
        {
          "uuid": "5f225455-5d73-469e-8f84-bd34796daa8c",
          "title": "1 - Adicione um cabeçalho na página.",
          "fullFile": "",
          "file": "",
          "beforeHooks": [],
          "afterHooks": [],
          "tests": [
            {
              "title": "Verifica se existe um cabeçalho na página.",
              "fullTitle": "1 - Adicione um cabeçalho na página. Verifica se existe um cabeçalho na página.",
              "timedOut": null,
              "duration": 930,
              "state": "passed",
              "speed": "slow",
              "pass": true,
              "fail": false,
              "pending": false,
              "context": null,
              "code": "cy.get('header').should('exist');",
              "err": {},
              "uuid": "bf05d9a8-e6c0-4916-9139-95b6dbc85cf2",
              "parentUUID": "5f225455-5d73-469e-8f84-bd34796daa8c",
              "isHook": false,
              "skipped": false
            },
            {
              "title": "Verifica se existe um título dentro do cabeçalho.",
              "fullTitle": "1 - Adicione um cabeçalho na página. Verifica se existe um título dentro do cabeçalho.",
              "timedOut": null,
              "duration": 418,
              "state": "passed",
              "speed": "slow",
              "pass": true,
              "fail": false,
              "pending": false,
              "context": null,
              "code": "cy.get('header h1').should('exist');",
              "err": {},
              "uuid": "db139ac8-68b6-4289-b7c3-30f36215e1aa",
              "parentUUID": "5f225455-5d73-469e-8f84-bd34796daa8c",
              "isHook": false,
              "skipped": false
            },
            {
              "title": "Verifica se o texto do título é \"Soco a 80km/h: Conheça o Stomatopoda\".",
              "fullTitle": "1 - Adicione um cabeçalho na página. Verifica se o texto do título é \"Soco a 80km/h: Conheça o Stomatopoda\".",
              "timedOut": null,
              "duration": 424,
              "state": "passed",
              "speed": "slow",
              "pass": true,
              "fail": false,
              "pending": false,
              "context": null,
              "code": "cy.get('header h1').should('have.text', 'Soco a 80km/h: Conheça o Stomatopoda');",
              "err": {},
              "uuid": "7f7855ff-eaba-4418-aecc-13fce70a7091",
              "parentUUID": "5f225455-5d73-469e-8f84-bd34796daa8c",
              "isHook": false,
              "skipped": false
            }
          ],
          "suites": [],
          "passes": [
            "bf05d9a8-e6c0-4916-9139-95b6dbc85cf2",
            "db139ac8-68b6-4289-b7c3-30f36215e1aa",
            "7f7855ff-eaba-4418-aecc-13fce70a7091"
          ],
          "failures": [],
          "pending": [],
          "skipped": [],
          "duration": 1772,
          "root": false,
          "rootEmpty": false,
          "_timeout": 2000
        },
        {
          "uuid": "8b5e7141-56a8-45d5-a7a1-5a95b09b077e",
          "title": "2 - Adicione um conjunto de links que representam a área de navegação do site.",
          "fullFile": "",
          "file": "",
          "beforeHooks": [],
          "afterHooks": [],
          "tests": [
            {
              "title": "Verifica se existe uma área de navegação no site",
              "fullTitle": "2 - Adicione um conjunto de links que representam a área de navegação do site. Verifica se existe uma área de navegação no site",
              "timedOut": null,
              "duration": 1205,
              "state": "passed",
              "speed": "slow",
              "pass": true,
              "fail": false,
              "pending": false,
              "context": null,
              "code": "cy.get('nav').should('exist');",
              "err": {},
              "uuid": "236235fb-b3d1-4ad2-8c9f-ef7326c333fd",
              "parentUUID": "8b5e7141-56a8-45d5-a7a1-5a95b09b077e",
              "isHook": false,
              "skipped": false
            },
            {
              "title": "Verifica se o primeiro link está com o texto \"Página Inicial\".",
              "fullTitle": "2 - Adicione um conjunto de links que representam a área de navegação do site. Verifica se o primeiro link está com o texto \"Página Inicial\".",
              "timedOut": null,
              "duration": 977,
              "state": "passed",
              "speed": "slow",
              "pass": true,
              "fail": false,
              "pending": false,
              "context": null,
              "code": "cy.get('nav a').eq(0).should('have.text', 'Página Inicial');",
              "err": {},
              "uuid": "3010867b-e25f-43dc-84f9-ac6a7ca047d1",
              "parentUUID": "8b5e7141-56a8-45d5-a7a1-5a95b09b077e",
              "isHook": false,
              "skipped": false
            },
            {
              "title": "Verifica se o segundo link está com o texto \"Sobre\".",
              "fullTitle": "2 - Adicione um conjunto de links que representam a área de navegação do site. Verifica se o segundo link está com o texto \"Sobre\".",
              "timedOut": null,
              "duration": 968,
              "state": "passed",
              "speed": "slow",
              "pass": true,
              "fail": false,
              "pending": false,
              "context": null,
              "code": "cy.get('nav a').eq(1).should('have.text', 'Sobre');",
              "err": {},
              "uuid": "66018c5e-0d74-43f3-92b6-b100684de854",
              "parentUUID": "8b5e7141-56a8-45d5-a7a1-5a95b09b077e",
              "isHook": false,
              "skipped": false
            },
            {
              "title": "Verifica se o terceiro link está com o texto \"Contato\".",
              "fullTitle": "2 - Adicione um conjunto de links que representam a área de navegação do site. Verifica se o terceiro link está com o texto \"Contato\".",
              "timedOut": null,
              "duration": 883,
              "state": "passed",
              "speed": "slow",
              "pass": true,
              "fail": false,
              "pending": false,
              "context": null,
              "code": "cy.get('nav a').eq(2).should('have.text', 'Contato');",
              "err": {},
              "uuid": "025a01d5-9371-45ee-aa66-2b7cb9535b7f",
              "parentUUID": "8b5e7141-56a8-45d5-a7a1-5a95b09b077e",
              "isHook": false,
              "skipped": false
            }
          ],
          "suites": [],
          "passes": [
            "236235fb-b3d1-4ad2-8c9f-ef7326c333fd",
            "3010867b-e25f-43dc-84f9-ac6a7ca047d1",
            "66018c5e-0d74-43f3-92b6-b100684de854",
            "025a01d5-9371-45ee-aa66-2b7cb9535b7f"
          ],
          "failures": [],
          "pending": [],
          "skipped": [],
          "duration": 4033,
          "root": false,
          "rootEmpty": false,
          "_timeout": 2000
        },
        {
          "uuid": "f63953d0-5e2d-43af-b1ad-5a1aa4f4f627",
          "title": "3 - Crie um artigo que vai conter os fatos interessantes sobre o `Stomatopoda`.",
          "fullFile": "",
          "file": "",
          "beforeHooks": [],
          "afterHooks": [],
          "tests": [
            {
              "title": "Verifica se existe um artigo na página.",
              "fullTitle": "3 - Crie um artigo que vai conter os fatos interessantes sobre o `Stomatopoda`. Verifica se existe um artigo na página.",
              "timedOut": null,
              "duration": 675,
              "state": "passed",
              "speed": "slow",
              "pass": true,
              "fail": false,
              "pending": false,
              "context": null,
              "code": "cy.get('article').should('exist');",
              "err": {},
              "uuid": "e462abb8-6051-44f9-9230-c17bacf2668b",
              "parentUUID": "f63953d0-5e2d-43af-b1ad-5a1aa4f4f627",
              "isHook": false,
              "skipped": false
            },
            {
              "title": "Verifica se existe um subtítulo (h2) dentro do artigo.",
              "fullTitle": "3 - Crie um artigo que vai conter os fatos interessantes sobre o `Stomatopoda`. Verifica se existe um subtítulo (h2) dentro do artigo.",
              "timedOut": null,
              "duration": 1450,
              "state": "passed",
              "speed": "slow",
              "pass": true,
              "fail": false,
              "pending": false,
              "context": null,
              "code": "cy.get('article h2').should('exist');",
              "err": {},
              "uuid": "673ecbe8-649b-4b73-a10a-2bf3e26d3941",
              "parentUUID": "f63953d0-5e2d-43af-b1ad-5a1aa4f4f627",
              "isHook": false,
              "skipped": false
            },
            {
              "title": "Verifica se o texto do subtítulo é \"Fatos sobre o Stomatopoda\".",
              "fullTitle": "3 - Crie um artigo que vai conter os fatos interessantes sobre o `Stomatopoda`. Verifica se o texto do subtítulo é \"Fatos sobre o Stomatopoda\".",
              "timedOut": null,
              "duration": 957,
              "state": "passed",
              "speed": "slow",
              "pass": true,
              "fail": false,
              "pending": false,
              "context": null,
              "code": "cy.get('article h2').should('have.text', 'Fatos sobre o Stomatopoda');",
              "err": {},
              "uuid": "55474786-7f2b-4fcc-8fcc-a48ac77ee82c",
              "parentUUID": "f63953d0-5e2d-43af-b1ad-5a1aa4f4f627",
              "isHook": false,
              "skipped": false
            }
          ],
          "suites": [],
          "passes": [
            "e462abb8-6051-44f9-9230-c17bacf2668b",
            "673ecbe8-649b-4b73-a10a-2bf3e26d3941",
            "55474786-7f2b-4fcc-8fcc-a48ac77ee82c"
          ],
          "failures": [],
          "pending": [],
          "skipped": [],
          "duration": 3082,
          "root": false,
          "rootEmpty": false,
          "_timeout": 2000
        },
        {
          "uuid": "991c95e1-5afd-4743-ab0d-29497aa88865",
          "title": "4 - Divida o artigo em seções.",
          "fullFile": "",
          "file": "",
          "beforeHooks": [],
          "afterHooks": [],
          "tests": [
            {
              "title": "Verifica se \"Odontodactylus scyllarus\" aparece em itálico na primeira seção",
              "fullTitle": "4 - Divida o artigo em seções. Verifica se \"Odontodactylus scyllarus\" aparece em itálico na primeira seção",
              "timedOut": null,
              "duration": 572,
              "state": "passed",
              "speed": "slow",
              "pass": true,
              "fail": false,
              "pending": false,
              "context": null,
              "code": "cy.get('article > section').eq(0).find('em').should('contain', 'Odontodactylus scyllarus');",
              "err": {},
              "uuid": "e746b3d5-2388-4984-ba07-ec35e1858956",
              "parentUUID": "991c95e1-5afd-4743-ab0d-29497aa88865",
              "isHook": false,
              "skipped": false
            },
            {
              "title": "Verifica se existe um subtítulo (h3) para cada seção.",
              "fullTitle": "4 - Divida o artigo em seções. Verifica se existe um subtítulo (h3) para cada seção.",
              "timedOut": null,
              "duration": 815,
              "state": "passed",
              "speed": "slow",
              "pass": true,
              "fail": false,
              "pending": false,
              "context": null,
              "code": "cy.get('article > section').each(function (section) {\n  cy.wrap(section.find('h3')).should('exist');\n});",
              "err": {},
              "uuid": "a3ef6803-2d41-4675-88d2-3597ca137080",
              "parentUUID": "991c95e1-5afd-4743-ab0d-29497aa88865",
              "isHook": false,
              "skipped": false
            }
          ],
          "suites": [],
          "passes": [
            "e746b3d5-2388-4984-ba07-ec35e1858956",
            "a3ef6803-2d41-4675-88d2-3597ca137080"
          ],
          "failures": [],
          "pending": [],
          "skipped": [],
          "duration": 1387,
          "root": false,
          "rootEmpty": false,
          "_timeout": 2000
        },
        {
          "uuid": "7f841d3a-7fa2-42b0-99aa-36b8220cb67a",
          "title": "5 - Divida o artigo em seções.",
          "fullFile": "",
          "file": "",
          "beforeHooks": [],
          "afterHooks": [],
          "tests": [
            {
              "title": "Verifica se existem pelo menos duas seções no artigo",
              "fullTitle": "5 - Divida o artigo em seções. Verifica se existem pelo menos duas seções no artigo",
              "timedOut": null,
              "duration": 593,
              "state": "passed",
              "speed": "slow",
              "pass": true,
              "fail": false,
              "pending": false,
              "context": null,
              "code": "cy.get('article > section').should('have.length.above', 1);",
              "err": {},
              "uuid": "fa047d0b-bcf0-4874-a0c6-42124e4edb39",
              "parentUUID": "7f841d3a-7fa2-42b0-99aa-36b8220cb67a",
              "isHook": false,
              "skipped": false
            },
            {
              "title": "Verifica se existe um subtítulo (h3) para cada seção.",
              "fullTitle": "5 - Divida o artigo em seções. Verifica se existe um subtítulo (h3) para cada seção.",
              "timedOut": null,
              "duration": 1023,
              "state": "passed",
              "speed": "slow",
              "pass": true,
              "fail": false,
              "pending": false,
              "context": null,
              "code": "cy.get('article > section').each(function (section) {\n  cy.wrap(section.find('h3')).should('exist');\n});",
              "err": {},
              "uuid": "9c955405-c350-4ee1-a9be-a59741446deb",
              "parentUUID": "7f841d3a-7fa2-42b0-99aa-36b8220cb67a",
              "isHook": false,
              "skipped": false
            },
            {
              "title": "Verifica se existe uma imagem para cada seção.",
              "fullTitle": "5 - Divida o artigo em seções. Verifica se existe uma imagem para cada seção.",
              "timedOut": null,
              "duration": 993,
              "state": "passed",
              "speed": "slow",
              "pass": true,
              "fail": false,
              "pending": false,
              "context": null,
              "code": "cy.get('article > section').each(function (section, index, collection) {\n  // skipping the first and last sections ('informações gerais' and 'referências bibliográficas')\n  if (index != 0 && index + 1 < collection.length) cy.wrap(section.find('img')).should('exist');\n});",
              "err": {},
              "uuid": "257571cb-f024-40fe-9034-ce13ff774f7f",
              "parentUUID": "7f841d3a-7fa2-42b0-99aa-36b8220cb67a",
              "isHook": false,
              "skipped": false
            },
            {
              "title": "Verifica se a última seção contém links dentro de uma lista não ordenada.",
              "fullTitle": "5 - Divida o artigo em seções. Verifica se a última seção contém links dentro de uma lista não ordenada.",
              "timedOut": null,
              "duration": 1178,
              "state": "passed",
              "speed": "slow",
              "pass": true,
              "fail": false,
              "pending": false,
              "context": null,
              "code": "cy.get('article > section').last().find('ul li a').should('exist');",
              "err": {},
              "uuid": "4433d834-52c1-466d-9b8c-74a2db3ab607",
              "parentUUID": "7f841d3a-7fa2-42b0-99aa-36b8220cb67a",
              "isHook": false,
              "skipped": false
            }
          ],
          "suites": [],
          "passes": [
            "fa047d0b-bcf0-4874-a0c6-42124e4edb39",
            "9c955405-c350-4ee1-a9be-a59741446deb",
            "257571cb-f024-40fe-9034-ce13ff774f7f",
            "4433d834-52c1-466d-9b8c-74a2db3ab607"
          ],
          "failures": [],
          "pending": [],
          "skipped": [],
          "duration": 3787,
          "root": false,
          "rootEmpty": false,
          "_timeout": 2000
        },
        {
          "uuid": "36a701c9-3261-4fdd-8458-4d53758ed23e",
          "title": "6 - Adicione um conteúdo adjacente ao artigo.",
          "fullFile": "",
          "file": "",
          "beforeHooks": [],
          "afterHooks": [],
          "tests": [
            {
              "title": "Verifica se existe um conteúdo adjacente na página na página.",
              "fullTitle": "6 - Adicione um conteúdo adjacente ao artigo. Verifica se existe um conteúdo adjacente na página na página.",
              "timedOut": null,
              "duration": 477,
              "state": "passed",
              "speed": "slow",
              "pass": true,
              "fail": false,
              "pending": false,
              "context": null,
              "code": "cy.get('aside').should('exist');",
              "err": {},
              "uuid": "27f84c37-ba15-4372-8ad5-583787250e7c",
              "parentUUID": "36a701c9-3261-4fdd-8458-4d53758ed23e",
              "isHook": false,
              "skipped": false
            },
            {
              "title": "Verifica se existe um link dentro do conteúdo adjacente com o endereço \"https://www.youtube.com/watch?v=E0Li1k5hGBE\".",
              "fullTitle": "6 - Adicione um conteúdo adjacente ao artigo. Verifica se existe um link dentro do conteúdo adjacente com o endereço \"https://www.youtube.com/watch?v=E0Li1k5hGBE\".",
              "timedOut": null,
              "duration": 10590,
              "state": "failed",
              "speed": null,
              "pass": false,
              "fail": true,
              "pending": false,
              "context": null,
              "code": "cy.get('aside a').should('have.attr', 'href', 'https://www.youtube.com/watch?v=E0Li1k5hGBE');",
              "err": {
                "message": "AssertionError: Timed out retrying: Expected to find element: `aside a`, but never found it.",
                "estack": "AssertionError: Timed out retrying: Expected to find element: `aside a`, but never found it.\n    at Context.eval (http://localhost:34771/__cypress/tests?p=cypress/integration/project.spec.js:187:23)",
                "diff": null
              },
              "uuid": "ffc98139-eba8-417b-85e5-db747e52c026",
              "parentUUID": "36a701c9-3261-4fdd-8458-4d53758ed23e",
              "isHook": false,
              "skipped": false
            }
          ],
          "suites": [],
          "passes": [
            "27f84c37-ba15-4372-8ad5-583787250e7c"
          ],
          "failures": [
            "ffc98139-eba8-417b-85e5-db747e52c026"
          ],
          "pending": [],
          "skipped": [],
          "duration": 11067,
          "root": false,
          "rootEmpty": false,
          "_timeout": 2000
        },
        {
          "uuid": "99fca9d6-9265-46bc-8868-847ccec8472b",
          "title": "7 - Adicione um rodapé na página.",
          "fullFile": "",
          "file": "",
          "beforeHooks": [],
          "afterHooks": [],
          "tests": [
            {
              "title": "Verifica se existe um rodapé na página.",
              "fullTitle": "7 - Adicione um rodapé na página. Verifica se existe um rodapé na página.",
              "timedOut": null,
              "duration": 553,
              "state": "passed",
              "speed": "slow",
              "pass": true,
              "fail": false,
              "pending": false,
              "context": null,
              "code": "cy.get('footer').should('exist');",
              "err": {},
              "uuid": "21e9a7b7-2a2c-4131-9389-7dddc60ab3ce",
              "parentUUID": "99fca9d6-9265-46bc-8868-847ccec8472b",
              "isHook": false,
              "skipped": false
            },
            {
              "title": "Verifica se existe o texto \"Conteúdo compilado por <insere seu nome>, <ano atual>\". no rodapé da página",
              "fullTitle": "7 - Adicione um rodapé na página. Verifica se existe o texto \"Conteúdo compilado por <insere seu nome>, <ano atual>\". no rodapé da página",
              "timedOut": null,
              "duration": 645,
              "state": "passed",
              "speed": "slow",
              "pass": true,
              "fail": false,
              "pending": false,
              "context": null,
              "code": "cy.get('footer').contains(/\"Conteúdo compilado por .*, \\d\\d\\d\\d\"\\./);",
              "err": {},
              "uuid": "ad5cf05e-bcbb-4957-8838-3ab8dec4c074",
              "parentUUID": "99fca9d6-9265-46bc-8868-847ccec8472b",
              "isHook": false,
              "skipped": false
            }
          ],
          "suites": [],
          "passes": [
            "21e9a7b7-2a2c-4131-9389-7dddc60ab3ce",
            "ad5cf05e-bcbb-4957-8838-3ab8dec4c074"
          ],
          "failures": [],
          "pending": [],
          "skipped": [],
          "duration": 1198,
          "root": false,
          "rootEmpty": false,
          "_timeout": 2000
        }
      ],
      "passes": [],
      "failures": [],
      "pending": [],
      "skipped": [],
      "duration": 0,
      "root": true,
      "rootEmpty": true,
      "_timeout": 2000
    }
  ],
  "meta": {
    "mocha": {
      "version": "7.0.1"
    },
    "mochawesome": {
      "options": {
        "quiet": false,
        "reportFilename": "mochawesome",
        "saveHtml": false,
        "saveJson": true,
        "consoleReporter": "spec",
        "useInlineDiffs": false
      },
      "version": "4.1.0"
    },
    "marge": {
      "options": {
        "id": "default",
        "reportDir": "cypress/reports",
        "overwrite": false,
        "html": false,
        "json": true
      },
      "version": "4.1.0"
    }
  }
}